{"C:\\Users\\avivi\\Documents\\Event app\\Events-Social-app\\src\\server.ts": {"path":"C:\\Users\\avivi\\Documents\\Event app\\Events-Social-app\\src\\server.ts","statementMap":{"0":{"start":{"line":1,"column":0},"end":{"line":1,"column":30}},"1":{"start":{"line":2,"column":0},"end":{"line":2,"column":38}},"2":{"start":{"line":3,"column":0},"end":{"line":3,"column":32}},"3":{"start":{"line":4,"column":0},"end":{"line":4,"column":27}},"4":{"start":{"line":5,"column":0},"end":{"line":5,"column":28}},"5":{"start":{"line":6,"column":0},"end":{"line":6,"column":24}},"6":{"start":{"line":7,"column":0},"end":{"line":7,"column":36}},"7":{"start":{"line":8,"column":0},"end":{"line":8,"column":45}},"8":{"start":{"line":9,"column":0},"end":{"line":9,"column":47}},"9":{"start":{"line":10,"column":0},"end":{"line":10,"column":61}},"10":{"start":{"line":11,"column":0},"end":{"line":11,"column":45}},"11":{"start":{"line":12,"column":0},"end":{"line":12,"column":52}},"12":{"start":{"line":13,"column":0},"end":{"line":13,"column":28}},"13":{"start":{"line":14,"column":0},"end":{"line":14,"column":38}},"14":{"start":{"line":15,"column":0},"end":{"line":15,"column":51}},"15":{"start":{"line":16,"column":0},"end":{"line":16,"column":43}},"16":{"start":{"line":17,"column":0},"end":{"line":17,"column":40}},"17":{"start":{"line":19,"column":0},"end":{"line":19,"column":16}},"18":{"start":{"line":20,"column":0},"end":{"line":20,"column":12}},"19":{"start":{"line":22,"column":12},"end":{"line":22,"column":21}},"20":{"start":{"line":24,"column":0},"end":{"line":30,"column":2}},"21":{"start":{"line":32,"column":0},"end":{"line":32,"column":24}},"22":{"start":{"line":33,"column":0},"end":{"line":39,"column":2}},"23":{"start":{"line":40,"column":0},"end":{"line":40,"column":23}},"24":{"start":{"line":41,"column":0},"end":{"line":41,"column":23}},"25":{"start":{"line":44,"column":0},"end":{"line":44,"column":68}},"26":{"start":{"line":47,"column":0},"end":{"line":47,"column":29}},"27":{"start":{"line":49,"column":0},"end":{"line":49,"column":40}},"28":{"start":{"line":50,"column":0},"end":{"line":50,"column":34}},"29":{"start":{"line":51,"column":0},"end":{"line":51,"column":47}},"30":{"start":{"line":52,"column":0},"end":{"line":52,"column":36}},"31":{"start":{"line":53,"column":0},"end":{"line":53,"column":50}},"32":{"start":{"line":54,"column":0},"end":{"line":54,"column":31}},"33":{"start":{"line":55,"column":0},"end":{"line":55,"column":28}},"34":{"start":{"line":56,"column":0},"end":{"line":56,"column":33}},"35":{"start":{"line":59,"column":0},"end":{"line":62,"column":1}},"36":{"start":{"line":60,"column":15},"end":{"line":60,"column":39}},"37":{"start":{"line":61,"column":2},"end":{"line":61,"column":72}},"38":{"start":{"line":61,"column":25},"end":{"line":61,"column":70}},"39":{"start":{"line":64,"column":0},"end":{"line":64,"column":19}}},"fnMap":{"0":{"name":"(anonymous_1)","decl":{"start":{"line":61,"column":19},"end":{"line":61,"column":22}},"loc":{"start":{"line":61,"column":25},"end":{"line":61,"column":70}}}},"branchMap":{"0":{"loc":{"start":{"line":59,"column":0},"end":{"line":62,"column":1}},"type":"if","locations":[{"start":{"line":59,"column":0},"end":{"line":62,"column":1}}]},"1":{"loc":{"start":{"line":60,"column":15},"end":{"line":60,"column":39}},"type":"binary-expr","locations":[{"start":{"line":60,"column":15},"end":{"line":60,"column":31}},{"start":{"line":60,"column":35},"end":{"line":60,"column":39}}]}},"s":{"0":5,"1":5,"2":5,"3":5,"4":5,"5":5,"6":5,"7":5,"8":5,"9":5,"10":5,"11":5,"12":5,"13":5,"14":5,"15":5,"16":5,"17":5,"18":5,"19":5,"20":5,"21":5,"22":5,"23":5,"24":5,"25":5,"26":5,"27":5,"28":5,"29":5,"30":5,"31":5,"32":5,"33":5,"34":5,"35":5,"36":0,"37":0,"38":0,"39":5},"f":{"0":0},"b":{"0":[0],"1":[0,0]}}
,"C:\\Users\\avivi\\Documents\\Event app\\Events-Social-app\\src\\swaggerOptions.ts": {"path":"C:\\Users\\avivi\\Documents\\Event app\\Events-Social-app\\src\\swaggerOptions.ts","statementMap":{"0":{"start":{"line":1,"column":16},"end":{"line":90,"column":4}},"1":{"start":{"line":92,"column":2},"end":{"line":92,"column":25}}},"fnMap":{},"branchMap":{},"s":{"0":5,"1":5},"f":{},"b":{}}
,"C:\\Users\\avivi\\Documents\\Event app\\Events-Social-app\\src\\swaggerSpec.ts": {"path":"C:\\Users\\avivi\\Documents\\Event app\\Events-Social-app\\src\\swaggerSpec.ts","statementMap":{"0":{"start":{"line":1,"column":0},"end":{"line":1,"column":41}},"1":{"start":{"line":2,"column":0},"end":{"line":2,"column":39}},"2":{"start":{"line":4,"column":20},"end":{"line":4,"column":41}},"3":{"start":{"line":6,"column":0},"end":{"line":6,"column":27}}},"fnMap":{},"branchMap":{},"s":{"0":5,"1":5,"2":5,"3":5},"f":{},"b":{}}
,"C:\\Users\\avivi\\Documents\\Event app\\Events-Social-app\\src\\config\\db.ts": {"path":"C:\\Users\\avivi\\Documents\\Event app\\Events-Social-app\\src\\config\\db.ts","statementMap":{"0":{"start":{"line":1,"column":0},"end":{"line":1,"column":32}},"1":{"start":{"line":2,"column":0},"end":{"line":2,"column":28}},"2":{"start":{"line":4,"column":0},"end":{"line":4,"column":16}},"3":{"start":{"line":6,"column":18},"end":{"line":18,"column":2}},"4":{"start":{"line":6,"column":29},"end":{"line":18,"column":2}},"5":{"start":{"line":7,"column":2},"end":{"line":17,"column":3}},"6":{"start":{"line":8,"column":4},"end":{"line":11,"column":5}},"7":{"start":{"line":9,"column":6},"end":{"line":9,"column":64}},"8":{"start":{"line":10,"column":6},"end":{"line":10,"column":13}},"9":{"start":{"line":12,"column":4},"end":{"line":12,"column":60}},"10":{"start":{"line":13,"column":4},"end":{"line":13,"column":50}},"11":{"start":{"line":15,"column":4},"end":{"line":15,"column":55}},"12":{"start":{"line":16,"column":4},"end":{"line":16,"column":20}},"13":{"start":{"line":20,"column":0},"end":{"line":20,"column":25}}},"fnMap":{"0":{"name":"(anonymous_8)","decl":{"start":{"line":6,"column":18},"end":{"line":6,"column":27}},"loc":{"start":{"line":6,"column":29},"end":{"line":18,"column":2}}},"1":{"name":"(anonymous_9)","decl":{"start":{"line":6,"column":29},"end":{"line":6,"column":null}},"loc":{"start":{"line":6,"column":29},"end":{"line":18,"column":1}}}},"branchMap":{"0":{"loc":{"start":{"line":8,"column":4},"end":{"line":11,"column":5}},"type":"if","locations":[{"start":{"line":8,"column":4},"end":{"line":11,"column":5}}]}},"s":{"0":5,"1":5,"2":5,"3":5,"4":5,"5":5,"6":5,"7":5,"8":5,"9":0,"10":0,"11":0,"12":0,"13":5},"f":{"0":5,"1":5},"b":{"0":[5]}}
,"C:\\Users\\avivi\\Documents\\Event app\\Events-Social-app\\src\\config\\passport.ts": {"path":"C:\\Users\\avivi\\Documents\\Event app\\Events-Social-app\\src\\config\\passport.ts","statementMap":{"0":{"start":{"line":1,"column":0},"end":{"line":1,"column":32}},"1":{"start":{"line":2,"column":0},"end":{"line":2,"column":69}},"2":{"start":{"line":3,"column":0},"end":{"line":3,"column":28}},"3":{"start":{"line":4,"column":0},"end":{"line":4,"column":34}},"4":{"start":{"line":6,"column":0},"end":{"line":6,"column":16}},"5":{"start":{"line":8,"column":0},"end":{"line":39,"column":2}},"6":{"start":{"line":16,"column":55},"end":{"line":37,"column":null}},"7":{"start":{"line":17,"column":6},"end":{"line":36,"column":7}},"8":{"start":{"line":18,"column":19},"end":{"line":18,"column":75}},"9":{"start":{"line":20,"column":8},"end":{"line":31,"column":9}},"10":{"start":{"line":22,"column":12},"end":{"line":24,"column":24}},"11":{"start":{"line":25,"column":10},"end":{"line":29,"column":13}},"12":{"start":{"line":30,"column":10},"end":{"line":30,"column":28}},"13":{"start":{"line":33,"column":8},"end":{"line":33,"column":25}},"14":{"start":{"line":35,"column":8},"end":{"line":35,"column":31}},"15":{"start":{"line":41,"column":0},"end":{"line":43,"column":3}},"16":{"start":{"line":42,"column":2},"end":{"line":42,"column":32}},"17":{"start":{"line":45,"column":0},"end":{"line":52,"column":3}},"18":{"start":{"line":45,"column":44},"end":{"line":52,"column":2}},"19":{"start":{"line":46,"column":2},"end":{"line":51,"column":3}},"20":{"start":{"line":47,"column":17},"end":{"line":47,"column":40}},"21":{"start":{"line":48,"column":4},"end":{"line":48,"column":34}},"22":{"start":{"line":50,"column":4},"end":{"line":50,"column":27}}},"fnMap":{"0":{"name":"(anonymous_8)","decl":{"start":{"line":16,"column":4},"end":{"line":16,"column":11}},"loc":{"start":{"line":16,"column":55},"end":{"line":37,"column":null}}},"1":{"name":"(anonymous_9)","decl":{"start":{"line":16,"column":55},"end":{"line":16,"column":null}},"loc":{"start":{"line":16,"column":55},"end":{"line":37,"column":5}}},"2":{"name":"(anonymous_10)","decl":{"start":{"line":41,"column":23},"end":{"line":41,"column":24}},"loc":{"start":{"line":41,"column":38},"end":{"line":43,"column":1}}},"3":{"name":"(anonymous_11)","decl":{"start":{"line":45,"column":25},"end":{"line":45,"column":32}},"loc":{"start":{"line":45,"column":44},"end":{"line":52,"column":2}}},"4":{"name":"(anonymous_12)","decl":{"start":{"line":45,"column":44},"end":{"line":45,"column":null}},"loc":{"start":{"line":45,"column":44},"end":{"line":52,"column":1}}}},"branchMap":{"0":{"loc":{"start":{"line":18,"column":47},"end":{"line":18,"column":72}},"type":"cond-expr","locations":[{"start":{"line":18,"column":61},"end":{"line":18,"column":64}},{"start":{"line":18,"column":61},"end":{"line":18,"column":72}}]},"1":{"loc":{"start":{"line":18,"column":47},"end":{"line":18,"column":64}},"type":"binary-expr","locations":[{"start":{"line":18,"column":47},"end":{"line":18,"column":64}},{"start":{"line":18,"column":61},"end":{"line":18,"column":64}}]},"2":{"loc":{"start":{"line":20,"column":8},"end":{"line":31,"column":9}},"type":"if","locations":[{"start":{"line":20,"column":8},"end":{"line":31,"column":9}}]},"3":{"loc":{"start":{"line":22,"column":12},"end":{"line":24,"column":24}},"type":"binary-expr","locations":[{"start":{"line":22,"column":12},"end":{"line":22,"column":31}},{"start":{"line":23,"column":13},"end":{"line":23,"column":27}},{"start":{"line":23,"column":31},"end":{"line":23,"column":68}},{"start":{"line":24,"column":12},"end":{"line":24,"column":24}}]},"4":{"loc":{"start":{"line":27,"column":19},"end":{"line":27,"column":44}},"type":"cond-expr","locations":[{"start":{"line":27,"column":33},"end":{"line":27,"column":36}},{"start":{"line":27,"column":33},"end":{"line":27,"column":44}}]},"5":{"loc":{"start":{"line":27,"column":19},"end":{"line":27,"column":36}},"type":"binary-expr","locations":[{"start":{"line":27,"column":19},"end":{"line":27,"column":36}},{"start":{"line":27,"column":33},"end":{"line":27,"column":36}}]},"6":{"loc":{"start":{"line":28,"column":26},"end":{"line":28,"column":102}},"type":"cond-expr","locations":[{"start":{"line":28,"column":74},"end":{"line":28,"column":97}},{"start":{"line":28,"column":100},"end":{"line":28,"column":102}}]},"7":{"loc":{"start":{"line":28,"column":27},"end":{"line":28,"column":70}},"type":"binary-expr","locations":[{"start":{"line":28,"column":27},"end":{"line":28,"column":41}},{"start":{"line":28,"column":45},"end":{"line":28,"column":70}}]},"8":{"loc":{"start":{"line":48,"column":15},"end":{"line":48,"column":32}},"type":"binary-expr","locations":[{"start":{"line":48,"column":15},"end":{"line":48,"column":19}},{"start":{"line":48,"column":23},"end":{"line":48,"column":32}}]}},"s":{"0":5,"1":5,"2":5,"3":5,"4":5,"5":5,"6":0,"7":0,"8":0,"9":0,"10":0,"11":0,"12":0,"13":0,"14":0,"15":5,"16":0,"17":5,"18":0,"19":0,"20":0,"21":0,"22":0},"f":{"0":0,"1":0,"2":0,"3":0,"4":0},"b":{"0":[0,0],"1":[0,0],"2":[0],"3":[0,0,0,0],"4":[0,0],"5":[0,0],"6":[0,0],"7":[0,0],"8":[0,0]}}
,"C:\\Users\\avivi\\Documents\\Event app\\Events-Social-app\\src\\controllers\\authController.ts": {"path":"C:\\Users\\avivi\\Documents\\Event app\\Events-Social-app\\src\\controllers\\authController.ts","statementMap":{"0":{"start":{"line":2,"column":0},"end":{"line":2,"column":34}},"1":{"start":{"line":3,"column":0},"end":{"line":3,"column":51}},"2":{"start":{"line":53,"column":28},"end":{"line":81,"column":2}},"3":{"start":{"line":53,"column":81},"end":{"line":81,"column":2}},"4":{"start":{"line":54,"column":2},"end":{"line":80,"column":3}},"5":{"start":{"line":55,"column":42},"end":{"line":55,"column":50}},"6":{"start":{"line":57,"column":4},"end":{"line":60,"column":5}},"7":{"start":{"line":58,"column":6},"end":{"line":58,"column":64}},"8":{"start":{"line":59,"column":6},"end":{"line":59,"column":13}},"9":{"start":{"line":62,"column":23},"end":{"line":62,"column":52}},"10":{"start":{"line":63,"column":4},"end":{"line":66,"column":5}},"11":{"start":{"line":64,"column":6},"end":{"line":64,"column":63}},"12":{"start":{"line":65,"column":6},"end":{"line":65,"column":13}},"13":{"start":{"line":68,"column":17},"end":{"line":68,"column":56}},"14":{"start":{"line":69,"column":4},"end":{"line":69,"column":22}},"15":{"start":{"line":70,"column":19},"end":{"line":70,"column":37}},"16":{"start":{"line":72,"column":4},"end":{"line":77,"column":7}},"17":{"start":{"line":79,"column":4},"end":{"line":79,"column":71}},"18":{"start":{"line":53,"column":13},"end":{"line":53,"column":28}},"19":{"start":{"line":126,"column":25},"end":{"line":146,"column":2}},"20":{"start":{"line":126,"column":78},"end":{"line":146,"column":2}},"21":{"start":{"line":127,"column":2},"end":{"line":145,"column":3}},"22":{"start":{"line":128,"column":32},"end":{"line":128,"column":40}},"23":{"start":{"line":129,"column":17},"end":{"line":129,"column":46}},"24":{"start":{"line":131,"column":4},"end":{"line":134,"column":5}},"25":{"start":{"line":132,"column":6},"end":{"line":132,"column":69}},"26":{"start":{"line":133,"column":6},"end":{"line":133,"column":13}},"27":{"start":{"line":135,"column":19},"end":{"line":135,"column":37}},"28":{"start":{"line":137,"column":4},"end":{"line":142,"column":7}},"29":{"start":{"line":144,"column":4},"end":{"line":144,"column":65}},"30":{"start":{"line":126,"column":13},"end":{"line":126,"column":25}},"31":{"start":{"line":177,"column":30},"end":{"line":197,"column":2}},"32":{"start":{"line":177,"column":83},"end":{"line":197,"column":2}},"33":{"start":{"line":178,"column":2},"end":{"line":196,"column":3}},"34":{"start":{"line":179,"column":20},"end":{"line":179,"column":44}},"35":{"start":{"line":181,"column":4},"end":{"line":184,"column":5}},"36":{"start":{"line":182,"column":6},"end":{"line":182,"column":73}},"37":{"start":{"line":183,"column":6},"end":{"line":183,"column":13}},"38":{"start":{"line":186,"column":17},"end":{"line":186,"column":83}},"39":{"start":{"line":188,"column":4},"end":{"line":191,"column":5}},"40":{"start":{"line":189,"column":6},"end":{"line":189,"column":58}},"41":{"start":{"line":190,"column":6},"end":{"line":190,"column":13}},"42":{"start":{"line":193,"column":4},"end":{"line":193,"column":19}},"43":{"start":{"line":195,"column":4},"end":{"line":195,"column":78}},"44":{"start":{"line":177,"column":13},"end":{"line":177,"column":30}}},"fnMap":{"0":{"name":"(anonymous_8)","decl":{"start":{"line":53,"column":28},"end":{"line":53,"column":35}},"loc":{"start":{"line":53,"column":81},"end":{"line":81,"column":2}}},"1":{"name":"(anonymous_9)","decl":{"start":{"line":53,"column":81},"end":{"line":53,"column":null}},"loc":{"start":{"line":53,"column":81},"end":{"line":81,"column":1}}},"2":{"name":"(anonymous_10)","decl":{"start":{"line":126,"column":25},"end":{"line":126,"column":32}},"loc":{"start":{"line":126,"column":78},"end":{"line":146,"column":2}}},"3":{"name":"(anonymous_11)","decl":{"start":{"line":126,"column":78},"end":{"line":126,"column":null}},"loc":{"start":{"line":126,"column":78},"end":{"line":146,"column":1}}},"4":{"name":"(anonymous_12)","decl":{"start":{"line":177,"column":30},"end":{"line":177,"column":37}},"loc":{"start":{"line":177,"column":83},"end":{"line":197,"column":2}}},"5":{"name":"(anonymous_13)","decl":{"start":{"line":177,"column":83},"end":{"line":177,"column":null}},"loc":{"start":{"line":177,"column":83},"end":{"line":197,"column":1}}}},"branchMap":{"0":{"loc":{"start":{"line":57,"column":4},"end":{"line":60,"column":5}},"type":"if","locations":[{"start":{"line":57,"column":4},"end":{"line":60,"column":5}}]},"1":{"loc":{"start":{"line":63,"column":4},"end":{"line":66,"column":5}},"type":"if","locations":[{"start":{"line":63,"column":4},"end":{"line":66,"column":5}}]},"2":{"loc":{"start":{"line":131,"column":4},"end":{"line":134,"column":5}},"type":"if","locations":[{"start":{"line":131,"column":4},"end":{"line":134,"column":5}}]},"3":{"loc":{"start":{"line":131,"column":8},"end":{"line":131,"column":56}},"type":"binary-expr","locations":[{"start":{"line":131,"column":8},"end":{"line":131,"column":13}},{"start":{"line":131,"column":17},"end":{"line":131,"column":56}}]},"4":{"loc":{"start":{"line":181,"column":4},"end":{"line":184,"column":5}},"type":"if","locations":[{"start":{"line":181,"column":4},"end":{"line":184,"column":5}}]},"5":{"loc":{"start":{"line":188,"column":4},"end":{"line":191,"column":5}},"type":"if","locations":[{"start":{"line":188,"column":4},"end":{"line":191,"column":5}}]}},"s":{"0":5,"1":5,"2":5,"3":7,"4":7,"5":7,"6":7,"7":1,"8":1,"9":6,"10":6,"11":1,"12":1,"13":5,"14":5,"15":5,"16":5,"17":0,"18":5,"19":5,"20":7,"21":7,"22":7,"23":7,"24":7,"25":2,"26":2,"27":5,"28":5,"29":0,"30":5,"31":5,"32":1,"33":1,"34":1,"35":1,"36":0,"37":0,"38":1,"39":1,"40":0,"41":0,"42":1,"43":0,"44":5},"f":{"0":7,"1":7,"2":7,"3":7,"4":1,"5":1},"b":{"0":[1],"1":[1],"2":[2],"3":[7,6],"4":[0],"5":[0]}}
,"C:\\Users\\avivi\\Documents\\Event app\\Events-Social-app\\src\\controllers\\commentController.ts": {"path":"C:\\Users\\avivi\\Documents\\Event app\\Events-Social-app\\src\\controllers\\commentController.ts","statementMap":{"0":{"start":{"line":2,"column":0},"end":{"line":2,"column":32}},"1":{"start":{"line":3,"column":0},"end":{"line":3,"column":54}},"2":{"start":{"line":4,"column":0},"end":{"line":4,"column":36}},"3":{"start":{"line":42,"column":29},"end":{"line":66,"column":2}},"4":{"start":{"line":42,"column":82},"end":{"line":66,"column":2}},"5":{"start":{"line":43,"column":2},"end":{"line":65,"column":3}},"6":{"start":{"line":44,"column":21},"end":{"line":44,"column":29}},"7":{"start":{"line":45,"column":20},"end":{"line":45,"column":38}},"8":{"start":{"line":46,"column":20},"end":{"line":46,"column":44}},"9":{"start":{"line":48,"column":18},"end":{"line":48,"column":47}},"10":{"start":{"line":49,"column":4},"end":{"line":52,"column":5}},"11":{"start":{"line":50,"column":6},"end":{"line":50,"column":59}},"12":{"start":{"line":51,"column":6},"end":{"line":51,"column":13}},"13":{"start":{"line":54,"column":30},"end":{"line":58,"column":6}},"14":{"start":{"line":59,"column":4},"end":{"line":59,"column":81}},"15":{"start":{"line":61,"column":4},"end":{"line":61,"column":25}},"16":{"start":{"line":62,"column":4},"end":{"line":62,"column":34}},"17":{"start":{"line":64,"column":4},"end":{"line":64,"column":71}},"18":{"start":{"line":42,"column":13},"end":{"line":42,"column":29}},"19":{"start":{"line":93,"column":34},"end":{"line":103,"column":2}},"20":{"start":{"line":93,"column":87},"end":{"line":103,"column":2}},"21":{"start":{"line":94,"column":2},"end":{"line":102,"column":3}},"22":{"start":{"line":95,"column":20},"end":{"line":95,"column":38}},"23":{"start":{"line":96,"column":21},"end":{"line":98,"column":30}},"24":{"start":{"line":99,"column":4},"end":{"line":99,"column":23}},"25":{"start":{"line":101,"column":4},"end":{"line":101,"column":72}},"26":{"start":{"line":93,"column":13},"end":{"line":93,"column":34}},"27":{"start":{"line":142,"column":29},"end":{"line":163,"column":2}},"28":{"start":{"line":142,"column":82},"end":{"line":163,"column":2}},"29":{"start":{"line":143,"column":2},"end":{"line":162,"column":3}},"30":{"start":{"line":144,"column":22},"end":{"line":144,"column":42}},"31":{"start":{"line":145,"column":20},"end":{"line":145,"column":44}},"32":{"start":{"line":146,"column":21},"end":{"line":146,"column":29}},"33":{"start":{"line":148,"column":20},"end":{"line":148,"column":53}},"34":{"start":{"line":149,"column":4},"end":{"line":152,"column":5}},"35":{"start":{"line":150,"column":6},"end":{"line":150,"column":61}},"36":{"start":{"line":151,"column":6},"end":{"line":151,"column":13}},"37":{"start":{"line":153,"column":4},"end":{"line":156,"column":5}},"38":{"start":{"line":154,"column":6},"end":{"line":154,"column":79}},"39":{"start":{"line":155,"column":6},"end":{"line":155,"column":13}},"40":{"start":{"line":157,"column":4},"end":{"line":157,"column":24}},"41":{"start":{"line":158,"column":4},"end":{"line":158,"column":25}},"42":{"start":{"line":159,"column":4},"end":{"line":159,"column":22}},"43":{"start":{"line":161,"column":4},"end":{"line":161,"column":71}},"44":{"start":{"line":142,"column":13},"end":{"line":142,"column":29}},"45":{"start":{"line":196,"column":29},"end":{"line":216,"column":2}},"46":{"start":{"line":196,"column":82},"end":{"line":216,"column":2}},"47":{"start":{"line":197,"column":2},"end":{"line":215,"column":3}},"48":{"start":{"line":198,"column":22},"end":{"line":198,"column":42}},"49":{"start":{"line":199,"column":20},"end":{"line":199,"column":44}},"50":{"start":{"line":201,"column":20},"end":{"line":201,"column":53}},"51":{"start":{"line":202,"column":4},"end":{"line":205,"column":5}},"52":{"start":{"line":203,"column":6},"end":{"line":203,"column":61}},"53":{"start":{"line":204,"column":6},"end":{"line":204,"column":13}},"54":{"start":{"line":206,"column":4},"end":{"line":209,"column":5}},"55":{"start":{"line":207,"column":6},"end":{"line":207,"column":79}},"56":{"start":{"line":208,"column":6},"end":{"line":208,"column":13}},"57":{"start":{"line":210,"column":4},"end":{"line":210,"column":87}},"58":{"start":{"line":211,"column":4},"end":{"line":211,"column":30}},"59":{"start":{"line":212,"column":4},"end":{"line":212,"column":58}},"60":{"start":{"line":214,"column":4},"end":{"line":214,"column":71}},"61":{"start":{"line":196,"column":13},"end":{"line":196,"column":29}}},"fnMap":{"0":{"name":"(anonymous_8)","decl":{"start":{"line":42,"column":29},"end":{"line":42,"column":36}},"loc":{"start":{"line":42,"column":82},"end":{"line":66,"column":2}}},"1":{"name":"(anonymous_9)","decl":{"start":{"line":42,"column":82},"end":{"line":42,"column":null}},"loc":{"start":{"line":42,"column":82},"end":{"line":66,"column":1}}},"2":{"name":"(anonymous_10)","decl":{"start":{"line":93,"column":34},"end":{"line":93,"column":41}},"loc":{"start":{"line":93,"column":87},"end":{"line":103,"column":2}}},"3":{"name":"(anonymous_11)","decl":{"start":{"line":93,"column":87},"end":{"line":93,"column":null}},"loc":{"start":{"line":93,"column":87},"end":{"line":103,"column":1}}},"4":{"name":"(anonymous_12)","decl":{"start":{"line":142,"column":29},"end":{"line":142,"column":36}},"loc":{"start":{"line":142,"column":82},"end":{"line":163,"column":2}}},"5":{"name":"(anonymous_13)","decl":{"start":{"line":142,"column":82},"end":{"line":142,"column":null}},"loc":{"start":{"line":142,"column":82},"end":{"line":163,"column":1}}},"6":{"name":"(anonymous_14)","decl":{"start":{"line":196,"column":29},"end":{"line":196,"column":36}},"loc":{"start":{"line":196,"column":82},"end":{"line":216,"column":2}}},"7":{"name":"(anonymous_15)","decl":{"start":{"line":196,"column":82},"end":{"line":196,"column":null}},"loc":{"start":{"line":196,"column":82},"end":{"line":216,"column":1}}}},"branchMap":{"0":{"loc":{"start":{"line":49,"column":4},"end":{"line":52,"column":5}},"type":"if","locations":[{"start":{"line":49,"column":4},"end":{"line":52,"column":5}}]},"1":{"loc":{"start":{"line":149,"column":4},"end":{"line":152,"column":5}},"type":"if","locations":[{"start":{"line":149,"column":4},"end":{"line":152,"column":5}}]},"2":{"loc":{"start":{"line":153,"column":4},"end":{"line":156,"column":5}},"type":"if","locations":[{"start":{"line":153,"column":4},"end":{"line":156,"column":5}}]},"3":{"loc":{"start":{"line":202,"column":4},"end":{"line":205,"column":5}},"type":"if","locations":[{"start":{"line":202,"column":4},"end":{"line":205,"column":5}}]},"4":{"loc":{"start":{"line":206,"column":4},"end":{"line":209,"column":5}},"type":"if","locations":[{"start":{"line":206,"column":4},"end":{"line":209,"column":5}}]}},"s":{"0":5,"1":5,"2":5,"3":5,"4":0,"5":0,"6":0,"7":0,"8":0,"9":0,"10":0,"11":0,"12":0,"13":0,"14":0,"15":0,"16":0,"17":0,"18":5,"19":5,"20":0,"21":0,"22":0,"23":0,"24":0,"25":0,"26":5,"27":5,"28":0,"29":0,"30":0,"31":0,"32":0,"33":0,"34":0,"35":0,"36":0,"37":0,"38":0,"39":0,"40":0,"41":0,"42":0,"43":0,"44":5,"45":5,"46":0,"47":0,"48":0,"49":0,"50":0,"51":0,"52":0,"53":0,"54":0,"55":0,"56":0,"57":0,"58":0,"59":0,"60":0,"61":5},"f":{"0":0,"1":0,"2":0,"3":0,"4":0,"5":0,"6":0,"7":0},"b":{"0":[0],"1":[0],"2":[0],"3":[0],"4":[0]}}
,"C:\\Users\\avivi\\Documents\\Event app\\Events-Social-app\\src\\controllers\\eventController.ts": {"path":"C:\\Users\\avivi\\Documents\\Event app\\Events-Social-app\\src\\controllers\\eventController.ts","statementMap":{"0":{"start":{"line":2,"column":0},"end":{"line":2,"column":36}},"1":{"start":{"line":4,"column":0},"end":{"line":4,"column":32}},"2":{"start":{"line":5,"column":0},"end":{"line":5,"column":50}},"3":{"start":{"line":6,"column":0},"end":{"line":6,"column":20}},"4":{"start":{"line":7,"column":0},"end":{"line":7,"column":24}},"5":{"start":{"line":8,"column":0},"end":{"line":8,"column":75}},"6":{"start":{"line":9,"column":0},"end":{"line":9,"column":34}},"7":{"start":{"line":13,"column":23},"end":{"line":15,"column":null}},"8":{"start":{"line":13,"column":44},"end":{"line":15,"column":null}},"9":{"start":{"line":14,"column":2},"end":{"line":14,"column":null}},"10":{"start":{"line":65,"column":27},"end":{"line":91,"column":2}},"11":{"start":{"line":65,"column":80},"end":{"line":91,"column":2}},"12":{"start":{"line":66,"column":2},"end":{"line":90,"column":3}},"13":{"start":{"line":67,"column":58},"end":{"line":67,"column":66}},"14":{"start":{"line":68,"column":20},"end":{"line":68,"column":44}},"15":{"start":{"line":70,"column":4},"end":{"line":73,"column":5}},"16":{"start":{"line":71,"column":6},"end":{"line":71,"column":56}},"17":{"start":{"line":72,"column":6},"end":{"line":72,"column":13}},"18":{"start":{"line":75,"column":18},"end":{"line":82,"column":6}},"19":{"start":{"line":84,"column":4},"end":{"line":84,"column":75}},"20":{"start":{"line":86,"column":4},"end":{"line":86,"column":23}},"21":{"start":{"line":87,"column":4},"end":{"line":87,"column":54}},"22":{"start":{"line":89,"column":4},"end":{"line":89,"column":69}},"23":{"start":{"line":65,"column":13},"end":{"line":65,"column":27}},"24":{"start":{"line":146,"column":27},"end":{"line":173,"column":2}},"25":{"start":{"line":146,"column":80},"end":{"line":173,"column":2}},"26":{"start":{"line":147,"column":2},"end":{"line":172,"column":3}},"27":{"start":{"line":148,"column":20},"end":{"line":148,"column":44}},"28":{"start":{"line":149,"column":18},"end":{"line":149,"column":53}},"29":{"start":{"line":151,"column":4},"end":{"line":154,"column":5}},"30":{"start":{"line":152,"column":6},"end":{"line":152,"column":59}},"31":{"start":{"line":153,"column":6},"end":{"line":153,"column":13}},"32":{"start":{"line":156,"column":4},"end":{"line":159,"column":5}},"33":{"start":{"line":157,"column":6},"end":{"line":157,"column":75}},"34":{"start":{"line":158,"column":6},"end":{"line":158,"column":13}},"35":{"start":{"line":161,"column":58},"end":{"line":161,"column":66}},"36":{"start":{"line":162,"column":4},"end":{"line":162,"column":35}},"37":{"start":{"line":162,"column":15},"end":{"line":162,"column":35}},"38":{"start":{"line":163,"column":4},"end":{"line":163,"column":53}},"39":{"start":{"line":163,"column":21},"end":{"line":163,"column":53}},"40":{"start":{"line":164,"column":4},"end":{"line":164,"column":35}},"41":{"start":{"line":164,"column":15},"end":{"line":164,"column":35}},"42":{"start":{"line":165,"column":4},"end":{"line":165,"column":32}},"43":{"start":{"line":165,"column":14},"end":{"line":165,"column":32}},"44":{"start":{"line":166,"column":4},"end":{"line":166,"column":44}},"45":{"start":{"line":166,"column":18},"end":{"line":166,"column":44}},"46":{"start":{"line":168,"column":4},"end":{"line":168,"column":23}},"47":{"start":{"line":169,"column":4},"end":{"line":169,"column":92}},"48":{"start":{"line":171,"column":4},"end":{"line":171,"column":69}},"49":{"start":{"line":146,"column":13},"end":{"line":146,"column":27}},"50":{"start":{"line":207,"column":27},"end":{"line":229,"column":2}},"51":{"start":{"line":207,"column":80},"end":{"line":229,"column":2}},"52":{"start":{"line":208,"column":2},"end":{"line":228,"column":3}},"53":{"start":{"line":209,"column":20},"end":{"line":209,"column":44}},"54":{"start":{"line":210,"column":18},"end":{"line":210,"column":53}},"55":{"start":{"line":212,"column":4},"end":{"line":215,"column":5}},"56":{"start":{"line":213,"column":6},"end":{"line":213,"column":59}},"57":{"start":{"line":214,"column":6},"end":{"line":214,"column":13}},"58":{"start":{"line":217,"column":4},"end":{"line":220,"column":5}},"59":{"start":{"line":218,"column":6},"end":{"line":218,"column":77}},"60":{"start":{"line":219,"column":6},"end":{"line":219,"column":13}},"61":{"start":{"line":223,"column":4},"end":{"line":223,"column":75}},"62":{"start":{"line":224,"column":4},"end":{"line":224,"column":28}},"63":{"start":{"line":225,"column":4},"end":{"line":225,"column":56}},"64":{"start":{"line":227,"column":4},"end":{"line":227,"column":69}},"65":{"start":{"line":207,"column":13},"end":{"line":207,"column":27}},"66":{"start":{"line":249,"column":28},"end":{"line":256,"column":2}},"67":{"start":{"line":249,"column":82},"end":{"line":256,"column":2}},"68":{"start":{"line":250,"column":2},"end":{"line":255,"column":3}},"69":{"start":{"line":251,"column":19},"end":{"line":251,"column":53}},"70":{"start":{"line":252,"column":4},"end":{"line":252,"column":21}},"71":{"start":{"line":254,"column":4},"end":{"line":254,"column":70}},"72":{"start":{"line":249,"column":13},"end":{"line":249,"column":28}},"73":{"start":{"line":290,"column":25},"end":{"line":319,"column":2}},"74":{"start":{"line":290,"column":78},"end":{"line":319,"column":2}},"75":{"start":{"line":291,"column":2},"end":{"line":318,"column":3}},"76":{"start":{"line":292,"column":19},"end":{"line":292,"column":73}},"77":{"start":{"line":293,"column":18},"end":{"line":293,"column":53}},"78":{"start":{"line":295,"column":4},"end":{"line":298,"column":5}},"79":{"start":{"line":296,"column":6},"end":{"line":296,"column":59}},"80":{"start":{"line":297,"column":6},"end":{"line":297,"column":13}},"81":{"start":{"line":300,"column":4},"end":{"line":313,"column":5}},"82":{"start":{"line":300,"column":41},"end":{"line":300,"column":58}},"83":{"start":{"line":301,"column":6},"end":{"line":301,"column":38}},"84":{"start":{"line":302,"column":6},"end":{"line":302,"column":25}},"85":{"start":{"line":305,"column":6},"end":{"line":312,"column":7}},"86":{"start":{"line":306,"column":8},"end":{"line":311,"column":11}},"87":{"start":{"line":315,"column":4},"end":{"line":315,"column":95}},"88":{"start":{"line":317,"column":4},"end":{"line":317,"column":68}},"89":{"start":{"line":290,"column":13},"end":{"line":290,"column":25}},"90":{"start":{"line":353,"column":26},"end":{"line":369,"column":2}},"91":{"start":{"line":353,"column":79},"end":{"line":369,"column":2}},"92":{"start":{"line":354,"column":2},"end":{"line":368,"column":3}},"93":{"start":{"line":355,"column":19},"end":{"line":355,"column":73}},"94":{"start":{"line":356,"column":18},"end":{"line":356,"column":53}},"95":{"start":{"line":358,"column":4},"end":{"line":361,"column":5}},"96":{"start":{"line":359,"column":6},"end":{"line":359,"column":59}},"97":{"start":{"line":360,"column":6},"end":{"line":360,"column":13}},"98":{"start":{"line":363,"column":4},"end":{"line":363,"column":79}},"99":{"start":{"line":363,"column":59},"end":{"line":363,"column":77}},"100":{"start":{"line":364,"column":4},"end":{"line":364,"column":23}},"101":{"start":{"line":365,"column":4},"end":{"line":365,"column":93}},"102":{"start":{"line":367,"column":4},"end":{"line":367,"column":68}},"103":{"start":{"line":353,"column":13},"end":{"line":353,"column":26}},"104":{"start":{"line":403,"column":25},"end":{"line":426,"column":2}},"105":{"start":{"line":403,"column":78},"end":{"line":426,"column":2}},"106":{"start":{"line":404,"column":2},"end":{"line":425,"column":3}},"107":{"start":{"line":405,"column":19},"end":{"line":405,"column":73}},"108":{"start":{"line":406,"column":18},"end":{"line":406,"column":53}},"109":{"start":{"line":408,"column":4},"end":{"line":411,"column":5}},"110":{"start":{"line":409,"column":6},"end":{"line":409,"column":59}},"111":{"start":{"line":410,"column":6},"end":{"line":410,"column":13}},"112":{"start":{"line":413,"column":18},"end":{"line":413,"column":30}},"113":{"start":{"line":414,"column":4},"end":{"line":419,"column":5}},"114":{"start":{"line":414,"column":34},"end":{"line":414,"column":51}},"115":{"start":{"line":415,"column":6},"end":{"line":415,"column":31}},"116":{"start":{"line":417,"column":6},"end":{"line":417,"column":67}},"117":{"start":{"line":417,"column":47},"end":{"line":417,"column":65}},"118":{"start":{"line":418,"column":6},"end":{"line":418,"column":31}},"119":{"start":{"line":421,"column":4},"end":{"line":421,"column":23}},"120":{"start":{"line":422,"column":4},"end":{"line":422,"column":62}},"121":{"start":{"line":424,"column":4},"end":{"line":424,"column":67}},"122":{"start":{"line":403,"column":13},"end":{"line":403,"column":25}},"123":{"start":{"line":474,"column":32},"end":{"line":508,"column":2}},"124":{"start":{"line":474,"column":85},"end":{"line":508,"column":2}},"125":{"start":{"line":475,"column":2},"end":{"line":507,"column":3}},"126":{"start":{"line":476,"column":20},"end":{"line":476,"column":44}},"127":{"start":{"line":477,"column":18},"end":{"line":477,"column":53}},"128":{"start":{"line":479,"column":4},"end":{"line":482,"column":5}},"129":{"start":{"line":480,"column":6},"end":{"line":480,"column":59}},"130":{"start":{"line":481,"column":6},"end":{"line":481,"column":13}},"131":{"start":{"line":484,"column":4},"end":{"line":487,"column":5}},"132":{"start":{"line":485,"column":6},"end":{"line":485,"column":77}},"133":{"start":{"line":486,"column":6},"end":{"line":486,"column":13}},"134":{"start":{"line":489,"column":4},"end":{"line":492,"column":5}},"135":{"start":{"line":490,"column":6},"end":{"line":490,"column":60}},"136":{"start":{"line":491,"column":6},"end":{"line":491,"column":13}},"137":{"start":{"line":494,"column":4},"end":{"line":499,"column":5}},"138":{"start":{"line":495,"column":27},"end":{"line":495,"column":66}},"139":{"start":{"line":496,"column":6},"end":{"line":498,"column":7}},"140":{"start":{"line":497,"column":8},"end":{"line":497,"column":36}},"141":{"start":{"line":501,"column":4},"end":{"line":501,"column":50}},"142":{"start":{"line":502,"column":4},"end":{"line":502,"column":23}},"143":{"start":{"line":504,"column":4},"end":{"line":504,"column":74}},"144":{"start":{"line":506,"column":4},"end":{"line":506,"column":76}},"145":{"start":{"line":474,"column":13},"end":{"line":474,"column":32}},"146":{"start":{"line":535,"column":28},"end":{"line":546,"column":2}},"147":{"start":{"line":535,"column":81},"end":{"line":546,"column":2}},"148":{"start":{"line":536,"column":2},"end":{"line":545,"column":3}},"149":{"start":{"line":537,"column":18},"end":{"line":537,"column":74}},"150":{"start":{"line":538,"column":4},"end":{"line":541,"column":5}},"151":{"start":{"line":539,"column":6},"end":{"line":539,"column":59}},"152":{"start":{"line":540,"column":6},"end":{"line":540,"column":13}},"153":{"start":{"line":542,"column":4},"end":{"line":542,"column":42}},"154":{"start":{"line":544,"column":4},"end":{"line":544,"column":69}},"155":{"start":{"line":535,"column":13},"end":{"line":535,"column":28}},"156":{"start":{"line":578,"column":28},"end":{"line":593,"column":2}},"157":{"start":{"line":578,"column":81},"end":{"line":593,"column":2}},"158":{"start":{"line":579,"column":2},"end":{"line":592,"column":3}},"159":{"start":{"line":580,"column":18},"end":{"line":580,"column":53}},"160":{"start":{"line":582,"column":4},"end":{"line":585,"column":5}},"161":{"start":{"line":583,"column":6},"end":{"line":583,"column":59}},"162":{"start":{"line":584,"column":6},"end":{"line":584,"column":13}},"163":{"start":{"line":587,"column":24},"end":{"line":587,"column":119}},"164":{"start":{"line":589,"column":4},"end":{"line":589,"column":72}},"165":{"start":{"line":591,"column":4},"end":{"line":591,"column":70}},"166":{"start":{"line":578,"column":13},"end":{"line":578,"column":28}}},"fnMap":{"0":{"name":"(anonymous_8)","decl":{"start":{"line":13,"column":23},"end":{"line":13,"column":30}},"loc":{"start":{"line":13,"column":44},"end":{"line":15,"column":null}}},"1":{"name":"(anonymous_9)","decl":{"start":{"line":13,"column":44},"end":{"line":13,"column":null}},"loc":{"start":{"line":13,"column":44},"end":{"line":15,"column":1}}},"2":{"name":"(anonymous_10)","decl":{"start":{"line":65,"column":27},"end":{"line":65,"column":34}},"loc":{"start":{"line":65,"column":80},"end":{"line":91,"column":2}}},"3":{"name":"(anonymous_11)","decl":{"start":{"line":65,"column":80},"end":{"line":65,"column":null}},"loc":{"start":{"line":65,"column":80},"end":{"line":91,"column":1}}},"4":{"name":"(anonymous_12)","decl":{"start":{"line":146,"column":27},"end":{"line":146,"column":34}},"loc":{"start":{"line":146,"column":80},"end":{"line":173,"column":2}}},"5":{"name":"(anonymous_13)","decl":{"start":{"line":146,"column":80},"end":{"line":146,"column":null}},"loc":{"start":{"line":146,"column":80},"end":{"line":173,"column":1}}},"6":{"name":"(anonymous_14)","decl":{"start":{"line":207,"column":27},"end":{"line":207,"column":34}},"loc":{"start":{"line":207,"column":80},"end":{"line":229,"column":2}}},"7":{"name":"(anonymous_15)","decl":{"start":{"line":207,"column":80},"end":{"line":207,"column":null}},"loc":{"start":{"line":207,"column":80},"end":{"line":229,"column":1}}},"8":{"name":"(anonymous_16)","decl":{"start":{"line":249,"column":28},"end":{"line":249,"column":35}},"loc":{"start":{"line":249,"column":82},"end":{"line":256,"column":2}}},"9":{"name":"(anonymous_17)","decl":{"start":{"line":249,"column":82},"end":{"line":249,"column":null}},"loc":{"start":{"line":249,"column":82},"end":{"line":256,"column":1}}},"10":{"name":"(anonymous_18)","decl":{"start":{"line":290,"column":25},"end":{"line":290,"column":32}},"loc":{"start":{"line":290,"column":78},"end":{"line":319,"column":2}}},"11":{"name":"(anonymous_19)","decl":{"start":{"line":290,"column":78},"end":{"line":290,"column":null}},"loc":{"start":{"line":290,"column":78},"end":{"line":319,"column":1}}},"12":{"name":"(anonymous_20)","decl":{"start":{"line":300,"column":33},"end":{"line":300,"column":34}},"loc":{"start":{"line":300,"column":41},"end":{"line":300,"column":58}}},"13":{"name":"(anonymous_21)","decl":{"start":{"line":353,"column":26},"end":{"line":353,"column":33}},"loc":{"start":{"line":353,"column":79},"end":{"line":369,"column":2}}},"14":{"name":"(anonymous_22)","decl":{"start":{"line":353,"column":79},"end":{"line":353,"column":null}},"loc":{"start":{"line":353,"column":79},"end":{"line":369,"column":1}}},"15":{"name":"(anonymous_23)","decl":{"start":{"line":363,"column":51},"end":{"line":363,"column":52}},"loc":{"start":{"line":363,"column":59},"end":{"line":363,"column":77}}},"16":{"name":"(anonymous_24)","decl":{"start":{"line":403,"column":25},"end":{"line":403,"column":32}},"loc":{"start":{"line":403,"column":78},"end":{"line":426,"column":2}}},"17":{"name":"(anonymous_25)","decl":{"start":{"line":403,"column":78},"end":{"line":403,"column":null}},"loc":{"start":{"line":403,"column":78},"end":{"line":426,"column":1}}},"18":{"name":"(anonymous_26)","decl":{"start":{"line":414,"column":26},"end":{"line":414,"column":27}},"loc":{"start":{"line":414,"column":34},"end":{"line":414,"column":51}}},"19":{"name":"(anonymous_27)","decl":{"start":{"line":417,"column":39},"end":{"line":417,"column":40}},"loc":{"start":{"line":417,"column":47},"end":{"line":417,"column":65}}},"20":{"name":"(anonymous_28)","decl":{"start":{"line":474,"column":32},"end":{"line":474,"column":39}},"loc":{"start":{"line":474,"column":85},"end":{"line":508,"column":2}}},"21":{"name":"(anonymous_29)","decl":{"start":{"line":474,"column":85},"end":{"line":474,"column":null}},"loc":{"start":{"line":474,"column":85},"end":{"line":508,"column":1}}},"22":{"name":"(anonymous_30)","decl":{"start":{"line":535,"column":28},"end":{"line":535,"column":35}},"loc":{"start":{"line":535,"column":81},"end":{"line":546,"column":2}}},"23":{"name":"(anonymous_31)","decl":{"start":{"line":535,"column":81},"end":{"line":535,"column":null}},"loc":{"start":{"line":535,"column":81},"end":{"line":546,"column":1}}},"24":{"name":"(anonymous_32)","decl":{"start":{"line":578,"column":28},"end":{"line":578,"column":35}},"loc":{"start":{"line":578,"column":81},"end":{"line":593,"column":2}}},"25":{"name":"(anonymous_33)","decl":{"start":{"line":578,"column":81},"end":{"line":578,"column":null}},"loc":{"start":{"line":578,"column":81},"end":{"line":593,"column":1}}}},"branchMap":{"0":{"loc":{"start":{"line":70,"column":4},"end":{"line":73,"column":5}},"type":"if","locations":[{"start":{"line":70,"column":4},"end":{"line":73,"column":5}}]},"1":{"loc":{"start":{"line":151,"column":4},"end":{"line":154,"column":5}},"type":"if","locations":[{"start":{"line":151,"column":4},"end":{"line":154,"column":5}}]},"2":{"loc":{"start":{"line":156,"column":4},"end":{"line":159,"column":5}},"type":"if","locations":[{"start":{"line":156,"column":4},"end":{"line":159,"column":5}}]},"3":{"loc":{"start":{"line":162,"column":4},"end":{"line":162,"column":35}},"type":"if","locations":[{"start":{"line":162,"column":4},"end":{"line":162,"column":35}}]},"4":{"loc":{"start":{"line":163,"column":4},"end":{"line":163,"column":53}},"type":"if","locations":[{"start":{"line":163,"column":4},"end":{"line":163,"column":53}}]},"5":{"loc":{"start":{"line":164,"column":4},"end":{"line":164,"column":35}},"type":"if","locations":[{"start":{"line":164,"column":4},"end":{"line":164,"column":35}}]},"6":{"loc":{"start":{"line":165,"column":4},"end":{"line":165,"column":32}},"type":"if","locations":[{"start":{"line":165,"column":4},"end":{"line":165,"column":32}}]},"7":{"loc":{"start":{"line":166,"column":4},"end":{"line":166,"column":44}},"type":"if","locations":[{"start":{"line":166,"column":4},"end":{"line":166,"column":44}}]},"8":{"loc":{"start":{"line":212,"column":4},"end":{"line":215,"column":5}},"type":"if","locations":[{"start":{"line":212,"column":4},"end":{"line":215,"column":5}}]},"9":{"loc":{"start":{"line":217,"column":4},"end":{"line":220,"column":5}},"type":"if","locations":[{"start":{"line":217,"column":4},"end":{"line":220,"column":5}}]},"10":{"loc":{"start":{"line":295,"column":4},"end":{"line":298,"column":5}},"type":"if","locations":[{"start":{"line":295,"column":4},"end":{"line":298,"column":5}}]},"11":{"loc":{"start":{"line":300,"column":4},"end":{"line":313,"column":5}},"type":"if","locations":[{"start":{"line":300,"column":4},"end":{"line":313,"column":5}}]},"12":{"loc":{"start":{"line":305,"column":6},"end":{"line":312,"column":7}},"type":"if","locations":[{"start":{"line":305,"column":6},"end":{"line":312,"column":7}}]},"13":{"loc":{"start":{"line":358,"column":4},"end":{"line":361,"column":5}},"type":"if","locations":[{"start":{"line":358,"column":4},"end":{"line":361,"column":5}}]},"14":{"loc":{"start":{"line":408,"column":4},"end":{"line":411,"column":5}},"type":"if","locations":[{"start":{"line":408,"column":4},"end":{"line":411,"column":5}}]},"15":{"loc":{"start":{"line":414,"column":4},"end":{"line":419,"column":5}},"type":"if","locations":[{"start":{"line":414,"column":4},"end":{"line":419,"column":5}},{"start":{"line":416,"column":11},"end":{"line":419,"column":5}}]},"16":{"loc":{"start":{"line":479,"column":4},"end":{"line":482,"column":5}},"type":"if","locations":[{"start":{"line":479,"column":4},"end":{"line":482,"column":5}}]},"17":{"loc":{"start":{"line":484,"column":4},"end":{"line":487,"column":5}},"type":"if","locations":[{"start":{"line":484,"column":4},"end":{"line":487,"column":5}}]},"18":{"loc":{"start":{"line":489,"column":4},"end":{"line":492,"column":5}},"type":"if","locations":[{"start":{"line":489,"column":4},"end":{"line":492,"column":5}}]},"19":{"loc":{"start":{"line":494,"column":4},"end":{"line":499,"column":5}},"type":"if","locations":[{"start":{"line":494,"column":4},"end":{"line":499,"column":5}}]},"20":{"loc":{"start":{"line":496,"column":6},"end":{"line":498,"column":7}},"type":"if","locations":[{"start":{"line":496,"column":6},"end":{"line":498,"column":7}}]},"21":{"loc":{"start":{"line":538,"column":4},"end":{"line":541,"column":5}},"type":"if","locations":[{"start":{"line":538,"column":4},"end":{"line":541,"column":5}}]},"22":{"loc":{"start":{"line":582,"column":4},"end":{"line":585,"column":5}},"type":"if","locations":[{"start":{"line":582,"column":4},"end":{"line":585,"column":5}}]}},"s":{"0":5,"1":5,"2":5,"3":5,"4":5,"5":5,"6":5,"7":5,"8":2,"9":2,"10":5,"11":2,"12":2,"13":2,"14":2,"15":2,"16":0,"17":0,"18":2,"19":2,"20":2,"21":2,"22":2,"23":5,"24":5,"25":2,"26":2,"27":2,"28":2,"29":1,"30":1,"31":1,"32":0,"33":0,"34":0,"35":0,"36":0,"37":0,"38":0,"39":0,"40":0,"41":0,"42":0,"43":0,"44":0,"45":0,"46":0,"47":0,"48":1,"49":5,"50":5,"51":3,"52":3,"53":3,"54":3,"55":1,"56":1,"57":1,"58":0,"59":0,"60":0,"61":0,"62":0,"63":0,"64":2,"65":5,"66":5,"67":0,"68":0,"69":0,"70":0,"71":0,"72":5,"73":5,"74":2,"75":2,"76":2,"77":2,"78":1,"79":1,"80":1,"81":0,"82":0,"83":0,"84":0,"85":0,"86":0,"87":0,"88":1,"89":5,"90":5,"91":0,"92":0,"93":0,"94":0,"95":0,"96":0,"97":0,"98":0,"99":0,"100":0,"101":0,"102":0,"103":5,"104":5,"105":2,"106":2,"107":2,"108":2,"109":1,"110":1,"111":1,"112":0,"113":0,"114":0,"115":0,"116":0,"117":0,"118":0,"119":0,"120":0,"121":1,"122":5,"123":5,"124":0,"125":0,"126":0,"127":0,"128":0,"129":0,"130":0,"131":0,"132":0,"133":0,"134":0,"135":0,"136":0,"137":0,"138":0,"139":0,"140":0,"141":0,"142":0,"143":0,"144":0,"145":5,"146":5,"147":0,"148":0,"149":0,"150":0,"151":0,"152":0,"153":0,"154":0,"155":5,"156":5,"157":0,"158":0,"159":0,"160":0,"161":0,"162":0,"163":0,"164":0,"165":0,"166":5},"f":{"0":2,"1":2,"2":2,"3":2,"4":2,"5":2,"6":3,"7":3,"8":0,"9":0,"10":2,"11":2,"12":0,"13":0,"14":0,"15":0,"16":2,"17":2,"18":0,"19":0,"20":0,"21":0,"22":0,"23":0,"24":0,"25":0},"b":{"0":[0],"1":[1],"2":[0],"3":[0],"4":[0],"5":[0],"6":[0],"7":[0],"8":[1],"9":[0],"10":[1],"11":[0],"12":[0],"13":[0],"14":[1],"15":[0,0],"16":[0],"17":[0],"18":[0],"19":[0],"20":[0],"21":[0],"22":[0]}}
,"C:\\Users\\avivi\\Documents\\Event app\\Events-Social-app\\src\\controllers\\notificationController.ts": {"path":"C:\\Users\\avivi\\Documents\\Event app\\Events-Social-app\\src\\controllers\\notificationController.ts","statementMap":{"0":{"start":{"line":2,"column":0},"end":{"line":2,"column":50}},"1":{"start":{"line":4,"column":0},"end":{"line":4,"column":32}},"2":{"start":{"line":26,"column":32},"end":{"line":38,"column":2}},"3":{"start":{"line":26,"column":85},"end":{"line":38,"column":2}},"4":{"start":{"line":27,"column":2},"end":{"line":37,"column":3}},"5":{"start":{"line":28,"column":19},"end":{"line":28,"column":73}},"6":{"start":{"line":29,"column":26},"end":{"line":32,"column":30}},"7":{"start":{"line":34,"column":4},"end":{"line":34,"column":28}},"8":{"start":{"line":36,"column":4},"end":{"line":36,"column":77}},"9":{"start":{"line":26,"column":13},"end":{"line":26,"column":32}},"10":{"start":{"line":62,"column":39},"end":{"line":71,"column":2}},"11":{"start":{"line":62,"column":92},"end":{"line":71,"column":2}},"12":{"start":{"line":63,"column":2},"end":{"line":70,"column":3}},"13":{"start":{"line":64,"column":19},"end":{"line":64,"column":73}},"14":{"start":{"line":65,"column":4},"end":{"line":65,"column":90}},"15":{"start":{"line":67,"column":4},"end":{"line":67,"column":58}},"16":{"start":{"line":69,"column":4},"end":{"line":69,"column":77}},"17":{"start":{"line":62,"column":13},"end":{"line":62,"column":39}}},"fnMap":{"0":{"name":"(anonymous_8)","decl":{"start":{"line":26,"column":32},"end":{"line":26,"column":39}},"loc":{"start":{"line":26,"column":85},"end":{"line":38,"column":2}}},"1":{"name":"(anonymous_9)","decl":{"start":{"line":26,"column":85},"end":{"line":26,"column":null}},"loc":{"start":{"line":26,"column":85},"end":{"line":38,"column":1}}},"2":{"name":"(anonymous_10)","decl":{"start":{"line":62,"column":39},"end":{"line":62,"column":46}},"loc":{"start":{"line":62,"column":92},"end":{"line":71,"column":2}}},"3":{"name":"(anonymous_11)","decl":{"start":{"line":62,"column":92},"end":{"line":62,"column":null}},"loc":{"start":{"line":62,"column":92},"end":{"line":71,"column":1}}}},"branchMap":{},"s":{"0":5,"1":5,"2":5,"3":1,"4":1,"5":1,"6":1,"7":1,"8":0,"9":5,"10":5,"11":1,"12":1,"13":1,"14":1,"15":1,"16":0,"17":5},"f":{"0":1,"1":1,"2":1,"3":1},"b":{}}
,"C:\\Users\\avivi\\Documents\\Event app\\Events-Social-app\\src\\controllers\\userController.ts": {"path":"C:\\Users\\avivi\\Documents\\Event app\\Events-Social-app\\src\\controllers\\userController.ts","statementMap":{"0":{"start":{"line":2,"column":0},"end":{"line":2,"column":34}},"1":{"start":{"line":4,"column":0},"end":{"line":4,"column":20}},"2":{"start":{"line":5,"column":0},"end":{"line":5,"column":24}},"3":{"start":{"line":44,"column":36},"end":{"line":74,"column":2}},"4":{"start":{"line":44,"column":89},"end":{"line":74,"column":2}},"5":{"start":{"line":45,"column":2},"end":{"line":73,"column":3}},"6":{"start":{"line":46,"column":20},"end":{"line":46,"column":44}},"7":{"start":{"line":47,"column":17},"end":{"line":47,"column":44}},"8":{"start":{"line":49,"column":4},"end":{"line":52,"column":5}},"9":{"start":{"line":50,"column":6},"end":{"line":50,"column":58}},"10":{"start":{"line":51,"column":6},"end":{"line":51,"column":13}},"11":{"start":{"line":54,"column":4},"end":{"line":57,"column":5}},"12":{"start":{"line":55,"column":6},"end":{"line":55,"column":60}},"13":{"start":{"line":56,"column":6},"end":{"line":56,"column":13}},"14":{"start":{"line":60,"column":4},"end":{"line":65,"column":5}},"15":{"start":{"line":61,"column":27},"end":{"line":61,"column":72}},"16":{"start":{"line":62,"column":6},"end":{"line":64,"column":7}},"17":{"start":{"line":63,"column":8},"end":{"line":63,"column":36}},"18":{"start":{"line":67,"column":4},"end":{"line":67,"column":56}},"19":{"start":{"line":68,"column":4},"end":{"line":68,"column":22}},"20":{"start":{"line":70,"column":4},"end":{"line":70,"column":86}},"21":{"start":{"line":72,"column":4},"end":{"line":72,"column":80}},"22":{"start":{"line":44,"column":13},"end":{"line":44,"column":36}},"23":{"start":{"line":115,"column":33},"end":{"line":134,"column":2}},"24":{"start":{"line":115,"column":86},"end":{"line":134,"column":2}},"25":{"start":{"line":116,"column":2},"end":{"line":133,"column":3}},"26":{"start":{"line":117,"column":20},"end":{"line":117,"column":44}},"27":{"start":{"line":118,"column":32},"end":{"line":118,"column":40}},"28":{"start":{"line":120,"column":17},"end":{"line":120,"column":44}},"29":{"start":{"line":121,"column":4},"end":{"line":124,"column":5}},"30":{"start":{"line":122,"column":6},"end":{"line":122,"column":58}},"31":{"start":{"line":123,"column":6},"end":{"line":123,"column":13}},"32":{"start":{"line":126,"column":4},"end":{"line":126,"column":43}},"33":{"start":{"line":126,"column":18},"end":{"line":126,"column":43}},"34":{"start":{"line":127,"column":4},"end":{"line":127,"column":34}},"35":{"start":{"line":127,"column":15},"end":{"line":127,"column":34}},"36":{"start":{"line":129,"column":4},"end":{"line":129,"column":22}},"37":{"start":{"line":130,"column":4},"end":{"line":130,"column":94}},"38":{"start":{"line":132,"column":4},"end":{"line":132,"column":71}},"39":{"start":{"line":115,"column":13},"end":{"line":115,"column":33}}},"fnMap":{"0":{"name":"(anonymous_8)","decl":{"start":{"line":44,"column":36},"end":{"line":44,"column":43}},"loc":{"start":{"line":44,"column":89},"end":{"line":74,"column":2}}},"1":{"name":"(anonymous_9)","decl":{"start":{"line":44,"column":89},"end":{"line":44,"column":null}},"loc":{"start":{"line":44,"column":89},"end":{"line":74,"column":1}}},"2":{"name":"(anonymous_10)","decl":{"start":{"line":115,"column":33},"end":{"line":115,"column":40}},"loc":{"start":{"line":115,"column":86},"end":{"line":134,"column":2}}},"3":{"name":"(anonymous_11)","decl":{"start":{"line":115,"column":86},"end":{"line":115,"column":null}},"loc":{"start":{"line":115,"column":86},"end":{"line":134,"column":1}}}},"branchMap":{"0":{"loc":{"start":{"line":49,"column":4},"end":{"line":52,"column":5}},"type":"if","locations":[{"start":{"line":49,"column":4},"end":{"line":52,"column":5}}]},"1":{"loc":{"start":{"line":54,"column":4},"end":{"line":57,"column":5}},"type":"if","locations":[{"start":{"line":54,"column":4},"end":{"line":57,"column":5}}]},"2":{"loc":{"start":{"line":60,"column":4},"end":{"line":65,"column":5}},"type":"if","locations":[{"start":{"line":60,"column":4},"end":{"line":65,"column":5}}]},"3":{"loc":{"start":{"line":62,"column":6},"end":{"line":64,"column":7}},"type":"if","locations":[{"start":{"line":62,"column":6},"end":{"line":64,"column":7}}]},"4":{"loc":{"start":{"line":121,"column":4},"end":{"line":124,"column":5}},"type":"if","locations":[{"start":{"line":121,"column":4},"end":{"line":124,"column":5}}]},"5":{"loc":{"start":{"line":126,"column":4},"end":{"line":126,"column":43}},"type":"if","locations":[{"start":{"line":126,"column":4},"end":{"line":126,"column":43}}]},"6":{"loc":{"start":{"line":127,"column":4},"end":{"line":127,"column":34}},"type":"if","locations":[{"start":{"line":127,"column":4},"end":{"line":127,"column":34}}]}},"s":{"0":5,"1":5,"2":5,"3":5,"4":2,"5":2,"6":2,"7":2,"8":2,"9":0,"10":0,"11":2,"12":1,"13":1,"14":1,"15":0,"16":0,"17":0,"18":1,"19":1,"20":1,"21":0,"22":5,"23":5,"24":1,"25":1,"26":1,"27":1,"28":1,"29":1,"30":0,"31":0,"32":1,"33":1,"34":1,"35":1,"36":1,"37":1,"38":0,"39":5},"f":{"0":2,"1":2,"2":1,"3":1},"b":{"0":[0],"1":[1],"2":[0],"3":[0],"4":[0],"5":[1],"6":[1]}}
,"C:\\Users\\avivi\\Documents\\Event app\\Events-Social-app\\src\\middleware\\auth.ts": {"path":"C:\\Users\\avivi\\Documents\\Event app\\Events-Social-app\\src\\middleware\\auth.ts","statementMap":{"0":{"start":{"line":1,"column":0},"end":{"line":1,"column":31}},"1":{"start":{"line":3,"column":0},"end":{"line":3,"column":28}},"2":{"start":{"line":5,"column":0},"end":{"line":5,"column":16}},"3":{"start":{"line":11,"column":29},"end":{"line":15,"column":1}},"4":{"start":{"line":12,"column":2},"end":{"line":14,"column":5}},"5":{"start":{"line":11,"column":13},"end":{"line":11,"column":29}},"6":{"start":{"line":17,"column":23},"end":{"line":32,"column":1}},"7":{"start":{"line":18,"column":16},"end":{"line":18,"column":67}},"8":{"start":{"line":20,"column":2},"end":{"line":23,"column":3}},"9":{"start":{"line":21,"column":4},"end":{"line":21,"column":64}},"10":{"start":{"line":22,"column":4},"end":{"line":22,"column":11}},"11":{"start":{"line":25,"column":2},"end":{"line":31,"column":3}},"12":{"start":{"line":26,"column":20},"end":{"line":26,"column":89}},"13":{"start":{"line":27,"column":5},"end":{"line":27,"column":43}},"14":{"start":{"line":28,"column":4},"end":{"line":28,"column":11}},"15":{"start":{"line":30,"column":4},"end":{"line":30,"column":69}},"16":{"start":{"line":17,"column":13},"end":{"line":17,"column":23}}},"fnMap":{"0":{"name":"(anonymous_1)","decl":{"start":{"line":11,"column":29},"end":{"line":11,"column":30}},"loc":{"start":{"line":11,"column":48},"end":{"line":15,"column":1}}},"1":{"name":"(anonymous_2)","decl":{"start":{"line":17,"column":23},"end":{"line":17,"column":24}},"loc":{"start":{"line":17,"column":81},"end":{"line":32,"column":1}}}},"branchMap":{"0":{"loc":{"start":{"line":18,"column":16},"end":{"line":18,"column":67}},"type":"cond-expr","locations":[{"start":{"line":18,"column":43},"end":{"line":18,"column":45}},{"start":{"line":18,"column":43},"end":{"line":18,"column":67}}]},"1":{"loc":{"start":{"line":18,"column":16},"end":{"line":18,"column":45}},"type":"binary-expr","locations":[{"start":{"line":18,"column":16},"end":{"line":18,"column":45}},{"start":{"line":18,"column":43},"end":{"line":18,"column":45}}]},"2":{"loc":{"start":{"line":20,"column":2},"end":{"line":23,"column":3}},"type":"if","locations":[{"start":{"line":20,"column":2},"end":{"line":23,"column":3}}]}},"s":{"0":5,"1":5,"2":5,"3":5,"4":10,"5":5,"6":5,"7":26,"8":26,"9":5,"10":5,"11":21,"12":21,"13":17,"14":17,"15":4,"16":5},"f":{"0":10,"1":26},"b":{"0":[5,21],"1":[26,26],"2":[5]}}
,"C:\\Users\\avivi\\Documents\\Event app\\Events-Social-app\\src\\middleware\\rateLimit.ts": {"path":"C:\\Users\\avivi\\Documents\\Event app\\Events-Social-app\\src\\middleware\\rateLimit.ts","statementMap":{"0":{"start":{"line":1,"column":0},"end":{"line":1,"column":43}},"1":{"start":{"line":3,"column":13},"end":{"line":8,"column":3}}},"fnMap":{},"branchMap":{},"s":{"0":5,"1":5},"f":{},"b":{}}
,"C:\\Users\\avivi\\Documents\\Event app\\Events-Social-app\\src\\middleware\\upload.ts": {"path":"C:\\Users\\avivi\\Documents\\Event app\\Events-Social-app\\src\\middleware\\upload.ts","statementMap":{"0":{"start":{"line":1,"column":0},"end":{"line":1,"column":28}},"1":{"start":{"line":2,"column":0},"end":{"line":2,"column":24}},"2":{"start":{"line":5,"column":16},"end":{"line":12,"column":2}},"3":{"start":{"line":7,"column":4},"end":{"line":7,"column":25}},"4":{"start":{"line":10,"column":4},"end":{"line":10,"column":51}},"5":{"start":{"line":14,"column":19},"end":{"line":24,"column":1}},"6":{"start":{"line":15,"column":23},"end":{"line":15,"column":37}},"7":{"start":{"line":16,"column":18},"end":{"line":16,"column":82}},"8":{"start":{"line":17,"column":19},"end":{"line":17,"column":51}},"9":{"start":{"line":19,"column":2},"end":{"line":23,"column":3}},"10":{"start":{"line":20,"column":4},"end":{"line":20,"column":26}},"11":{"start":{"line":22,"column":4},"end":{"line":22,"column":62}},"12":{"start":{"line":26,"column":15},"end":{"line":30,"column":2}},"13":{"start":{"line":32,"column":0},"end":{"line":32,"column":22}}},"fnMap":{"0":{"name":"(anonymous_1)","decl":{"start":{"line":6,"column":15},"end":{"line":6,"column":16}},"loc":{"start":{"line":6,"column":33},"end":{"line":8,"column":3}}},"1":{"name":"(anonymous_2)","decl":{"start":{"line":9,"column":12},"end":{"line":9,"column":13}},"loc":{"start":{"line":9,"column":30},"end":{"line":11,"column":3}}},"2":{"name":"(anonymous_3)","decl":{"start":{"line":14,"column":19},"end":{"line":14,"column":20}},"loc":{"start":{"line":14,"column":68},"end":{"line":24,"column":1}}}},"branchMap":{"0":{"loc":{"start":{"line":19,"column":2},"end":{"line":23,"column":3}},"type":"if","locations":[{"start":{"line":19,"column":2},"end":{"line":23,"column":3}},{"start":{"line":21,"column":9},"end":{"line":23,"column":3}}]},"1":{"loc":{"start":{"line":19,"column":6},"end":{"line":19,"column":25}},"type":"binary-expr","locations":[{"start":{"line":19,"column":6},"end":{"line":19,"column":13}},{"start":{"line":19,"column":17},"end":{"line":19,"column":25}}]}},"s":{"0":5,"1":5,"2":5,"3":1,"4":1,"5":5,"6":1,"7":1,"8":1,"9":1,"10":1,"11":0,"12":5,"13":5},"f":{"0":1,"1":1,"2":1},"b":{"0":[1,0],"1":[1,1]}}
,"C:\\Users\\avivi\\Documents\\Event app\\Events-Social-app\\src\\middleware\\validate.ts": {"path":"C:\\Users\\avivi\\Documents\\Event app\\Events-Social-app\\src\\middleware\\validate.ts","statementMap":{"0":{"start":{"line":2,"column":0},"end":{"line":2,"column":22}},"1":{"start":{"line":4,"column":20},"end":{"line":10,"column":2}},"2":{"start":{"line":12,"column":29},"end":{"line":19,"column":1}},"3":{"start":{"line":13,"column":20},"end":{"line":13,"column":50}},"4":{"start":{"line":14,"column":2},"end":{"line":17,"column":3}},"5":{"start":{"line":15,"column":4},"end":{"line":15,"column":64}},"6":{"start":{"line":16,"column":4},"end":{"line":16,"column":11}},"7":{"start":{"line":18,"column":2},"end":{"line":18,"column":9}},"8":{"start":{"line":12,"column":13},"end":{"line":12,"column":29}}},"fnMap":{"0":{"name":"(anonymous_1)","decl":{"start":{"line":12,"column":29},"end":{"line":12,"column":30}},"loc":{"start":{"line":12,"column":81},"end":{"line":19,"column":1}}}},"branchMap":{"0":{"loc":{"start":{"line":14,"column":2},"end":{"line":17,"column":3}},"type":"if","locations":[{"start":{"line":14,"column":2},"end":{"line":17,"column":3}}]}},"s":{"0":5,"1":5,"2":5,"3":2,"4":2,"5":0,"6":0,"7":2,"8":5},"f":{"0":2},"b":{"0":[0]}}
,"C:\\Users\\avivi\\Documents\\Event app\\Events-Social-app\\src\\models\\Comment.ts": {"path":"C:\\Users\\avivi\\Documents\\Event app\\Events-Social-app\\src\\models\\Comment.ts","statementMap":{"0":{"start":{"line":1,"column":0},"end":{"line":1,"column":54}},"1":{"start":{"line":10,"column":30},"end":{"line":15,"column":2}},"2":{"start":{"line":17,"column":0},"end":{"line":17,"column":66}}},"fnMap":{},"branchMap":{},"s":{"0":5,"1":5,"2":5},"f":{},"b":{}}
,"C:\\Users\\avivi\\Documents\\Event app\\Events-Social-app\\src\\models\\Event.ts": {"path":"C:\\Users\\avivi\\Documents\\Event app\\Events-Social-app\\src\\models\\Event.ts","statementMap":{"0":{"start":{"line":1,"column":0},"end":{"line":1,"column":54}},"1":{"start":{"line":15,"column":28},"end":{"line":25,"column":2}},"2":{"start":{"line":27,"column":0},"end":{"line":27,"column":60}}},"fnMap":{},"branchMap":{},"s":{"0":5,"1":5,"2":5},"f":{},"b":{}}
,"C:\\Users\\avivi\\Documents\\Event app\\Events-Social-app\\src\\models\\Notification.ts": {"path":"C:\\Users\\avivi\\Documents\\Event app\\Events-Social-app\\src\\models\\Notification.ts","statementMap":{"0":{"start":{"line":1,"column":0},"end":{"line":1,"column":54}},"1":{"start":{"line":12,"column":35},"end":{"line":19,"column":2}},"2":{"start":{"line":21,"column":0},"end":{"line":21,"column":81}}},"fnMap":{},"branchMap":{},"s":{"0":5,"1":5,"2":5},"f":{},"b":{}}
,"C:\\Users\\avivi\\Documents\\Event app\\Events-Social-app\\src\\models\\User.ts": {"path":"C:\\Users\\avivi\\Documents\\Event app\\Events-Social-app\\src\\models\\User.ts","statementMap":{"0":{"start":{"line":1,"column":0},"end":{"line":1,"column":54}},"1":{"start":{"line":2,"column":0},"end":{"line":2,"column":28}},"2":{"start":{"line":13,"column":34},"end":{"line":19,"column":2}},"3":{"start":{"line":21,"column":0},"end":{"line":27,"column":3}},"4":{"start":{"line":22,"column":2},"end":{"line":22,"column":68}},"5":{"start":{"line":22,"column":54},"end":{"line":22,"column":68}},"6":{"start":{"line":24,"column":15},"end":{"line":24,"column":39}},"7":{"start":{"line":25,"column":2},"end":{"line":25,"column":57}},"8":{"start":{"line":26,"column":2},"end":{"line":26,"column":9}},"9":{"start":{"line":29,"column":0},"end":{"line":32,"column":2}},"10":{"start":{"line":30,"column":2},"end":{"line":30,"column":35}},"11":{"start":{"line":30,"column":22},"end":{"line":30,"column":35}},"12":{"start":{"line":31,"column":2},"end":{"line":31,"column":58}},"13":{"start":{"line":34,"column":0},"end":{"line":34,"column":57}}},"fnMap":{"0":{"name":"(anonymous_17)","decl":{"start":{"line":21,"column":30},"end":{"line":21,"column":46}},"loc":{"start":{"line":21,"column":50},"end":{"line":27,"column":2}}},"1":{"name":"(anonymous_19)","decl":{"start":{"line":29,"column":37},"end":{"line":29,"column":53}},"loc":{"start":{"line":29,"column":78},"end":{"line":32,"column":2}}}},"branchMap":{"0":{"loc":{"start":{"line":22,"column":2},"end":{"line":22,"column":68}},"type":"if","locations":[{"start":{"line":22,"column":2},"end":{"line":22,"column":68}}]},"1":{"loc":{"start":{"line":22,"column":6},"end":{"line":22,"column":52}},"type":"binary-expr","locations":[{"start":{"line":22,"column":6},"end":{"line":22,"column":34}},{"start":{"line":22,"column":38},"end":{"line":22,"column":52}}]},"2":{"loc":{"start":{"line":30,"column":2},"end":{"line":30,"column":35}},"type":"if","locations":[{"start":{"line":30,"column":2},"end":{"line":30,"column":35}}]}},"s":{"0":5,"1":5,"2":5,"3":5,"4":7,"5":2,"6":5,"7":5,"8":5,"9":5,"10":6,"11":0,"12":6,"13":5},"f":{"0":7,"1":6},"b":{"0":[2],"1":[7,5],"2":[0]}}
,"C:\\Users\\avivi\\Documents\\Event app\\Events-Social-app\\src\\routes\\authRoutes.ts": {"path":"C:\\Users\\avivi\\Documents\\Event app\\Events-Social-app\\src\\routes\\authRoutes.ts","statementMap":{"0":{"start":{"line":1,"column":0},"end":{"line":1,"column":30}},"1":{"start":{"line":2,"column":0},"end":{"line":2,"column":88}},"2":{"start":{"line":3,"column":0},"end":{"line":3,"column":45}},"3":{"start":{"line":4,"column":0},"end":{"line":4,"column":32}},"4":{"start":{"line":5,"column":0},"end":{"line":5,"column":51}},"5":{"start":{"line":7,"column":15},"end":{"line":7,"column":31}},"6":{"start":{"line":9,"column":0},"end":{"line":9,"column":39}},"7":{"start":{"line":10,"column":0},"end":{"line":10,"column":33}},"8":{"start":{"line":11,"column":0},"end":{"line":11,"column":48}},"9":{"start":{"line":23,"column":0},"end":{"line":23,"column":88}},"10":{"start":{"line":35,"column":0},"end":{"line":46,"column":2}},"11":{"start":{"line":39,"column":4},"end":{"line":41,"column":5}},"12":{"start":{"line":40,"column":6},"end":{"line":40,"column":36}},"13":{"start":{"line":42,"column":17},"end":{"line":42,"column":44}},"14":{"start":{"line":43,"column":18},"end":{"line":43,"column":52}},"15":{"start":{"line":44,"column":4},"end":{"line":44,"column":92}},"16":{"start":{"line":48,"column":0},"end":{"line":48,"column":22}}},"fnMap":{"0":{"name":"(anonymous_1)","decl":{"start":{"line":38,"column":2},"end":{"line":38,"column":3}},"loc":{"start":{"line":38,"column":15},"end":{"line":45,"column":3}}}},"branchMap":{"0":{"loc":{"start":{"line":39,"column":4},"end":{"line":41,"column":5}},"type":"if","locations":[{"start":{"line":39,"column":4},"end":{"line":41,"column":5}}]}},"s":{"0":5,"1":5,"2":5,"3":5,"4":5,"5":5,"6":5,"7":5,"8":5,"9":5,"10":5,"11":0,"12":0,"13":0,"14":0,"15":0,"16":5},"f":{"0":0},"b":{"0":[0]}}
,"C:\\Users\\avivi\\Documents\\Event app\\Events-Social-app\\src\\routes\\commentRoutes.ts": {"path":"C:\\Users\\avivi\\Documents\\Event app\\Events-Social-app\\src\\routes\\commentRoutes.ts","statementMap":{"0":{"start":{"line":1,"column":0},"end":{"line":1,"column":33}},"1":{"start":{"line":2,"column":0},"end":{"line":2,"column":115}},"2":{"start":{"line":3,"column":0},"end":{"line":3,"column":45}},"3":{"start":{"line":5,"column":15},"end":{"line":5,"column":23}},"4":{"start":{"line":7,"column":0},"end":{"line":7,"column":49}},"5":{"start":{"line":9,"column":0},"end":{"line":9,"column":53}},"6":{"start":{"line":11,"column":0},"end":{"line":11,"column":57}},"7":{"start":{"line":13,"column":0},"end":{"line":13,"column":60}},"8":{"start":{"line":15,"column":0},"end":{"line":15,"column":22}}},"fnMap":{},"branchMap":{},"s":{"0":5,"1":5,"2":5,"3":5,"4":5,"5":5,"6":5,"7":5,"8":5},"f":{},"b":{}}
,"C:\\Users\\avivi\\Documents\\Event app\\Events-Social-app\\src\\routes\\eventRoutes.ts": {"path":"C:\\Users\\avivi\\Documents\\Event app\\Events-Social-app\\src\\routes\\eventRoutes.ts","statementMap":{"0":{"start":{"line":1,"column":0},"end":{"line":1,"column":30}},"1":{"start":{"line":2,"column":0},"end":{"line":2,"column":181}},"2":{"start":{"line":3,"column":0},"end":{"line":3,"column":45}},"3":{"start":{"line":4,"column":0},"end":{"line":4,"column":42}},"4":{"start":{"line":5,"column":0},"end":{"line":5,"column":55}},"5":{"start":{"line":7,"column":15},"end":{"line":7,"column":31}},"6":{"start":{"line":9,"column":0},"end":{"line":9,"column":53}},"7":{"start":{"line":10,"column":0},"end":{"line":10,"column":41}},"8":{"start":{"line":11,"column":0},"end":{"line":11,"column":30}},"9":{"start":{"line":12,"column":0},"end":{"line":12,"column":42}},"10":{"start":{"line":13,"column":0},"end":{"line":13,"column":44}},"11":{"start":{"line":14,"column":0},"end":{"line":14,"column":45}},"12":{"start":{"line":15,"column":0},"end":{"line":15,"column":47}},"13":{"start":{"line":16,"column":0},"end":{"line":16,"column":45}},"14":{"start":{"line":17,"column":0},"end":{"line":17,"column":76}},"15":{"start":{"line":18,"column":0},"end":{"line":18,"column":51}},"16":{"start":{"line":20,"column":0},"end":{"line":20,"column":22}}},"fnMap":{},"branchMap":{},"s":{"0":5,"1":5,"2":5,"3":5,"4":5,"5":5,"6":5,"7":5,"8":5,"9":5,"10":5,"11":5,"12":5,"13":5,"14":5,"15":5,"16":5},"f":{},"b":{}}
,"C:\\Users\\avivi\\Documents\\Event app\\Events-Social-app\\src\\routes\\notificationRoutes.ts": {"path":"C:\\Users\\avivi\\Documents\\Event app\\Events-Social-app\\src\\routes\\notificationRoutes.ts","statementMap":{"0":{"start":{"line":1,"column":0},"end":{"line":1,"column":30}},"1":{"start":{"line":2,"column":0},"end":{"line":2,"column":98}},"2":{"start":{"line":3,"column":0},"end":{"line":3,"column":45}},"3":{"start":{"line":5,"column":15},"end":{"line":5,"column":31}},"4":{"start":{"line":7,"column":0},"end":{"line":7,"column":43}},"5":{"start":{"line":8,"column":0},"end":{"line":8,"column":54}},"6":{"start":{"line":10,"column":0},"end":{"line":10,"column":22}}},"fnMap":{},"branchMap":{},"s":{"0":5,"1":5,"2":5,"3":5,"4":5,"5":5,"6":5},"f":{},"b":{}}
,"C:\\Users\\avivi\\Documents\\Event app\\Events-Social-app\\src\\routes\\userRoutes.ts": {"path":"C:\\Users\\avivi\\Documents\\Event app\\Events-Social-app\\src\\routes\\userRoutes.ts","statementMap":{"0":{"start":{"line":1,"column":0},"end":{"line":1,"column":30}},"1":{"start":{"line":2,"column":0},"end":{"line":2,"column":87}},"2":{"start":{"line":3,"column":0},"end":{"line":3,"column":45}},"3":{"start":{"line":4,"column":0},"end":{"line":4,"column":42}},"4":{"start":{"line":6,"column":15},"end":{"line":6,"column":31}},"5":{"start":{"line":8,"column":0},"end":{"line":8,"column":50}},"6":{"start":{"line":10,"column":0},"end":{"line":10,"column":86}},"7":{"start":{"line":12,"column":0},"end":{"line":12,"column":22}}},"fnMap":{},"branchMap":{},"s":{"0":5,"1":5,"2":5,"3":5,"4":5,"5":5,"6":5,"7":5},"f":{},"b":{}}
,"C:\\Users\\avivi\\Documents\\Event app\\Events-Social-app\\src\\services\\openaiService.ts": {"path":"C:\\Users\\avivi\\Documents\\Event app\\Events-Social-app\\src\\services\\openaiService.ts","statementMap":{"0":{"start":{"line":1,"column":0},"end":{"line":1,"column":28}},"1":{"start":{"line":2,"column":0},"end":{"line":2,"column":28}},"2":{"start":{"line":4,"column":0},"end":{"line":4,"column":16}},"3":{"start":{"line":6,"column":15},"end":{"line":8,"column":2}},"4":{"start":{"line":10,"column":46},"end":{"line":29,"column":2}},"5":{"start":{"line":10,"column":130},"end":{"line":29,"column":2}},"6":{"start":{"line":11,"column":2},"end":{"line":28,"column":3}},"7":{"start":{"line":12,"column":19},"end":{"line":17,"column":117}},"8":{"start":{"line":19,"column":21},"end":{"line":22,"column":6}},"9":{"start":{"line":24,"column":4},"end":{"line":24,"column":70}},"10":{"start":{"line":26,"column":4},"end":{"line":26,"column":67}},"11":{"start":{"line":27,"column":4},"end":{"line":27,"column":32}},"12":{"start":{"line":10,"column":13},"end":{"line":10,"column":46}}},"fnMap":{"0":{"name":"(anonymous_8)","decl":{"start":{"line":10,"column":46},"end":{"line":10,"column":53}},"loc":{"start":{"line":10,"column":130},"end":{"line":29,"column":2}}},"1":{"name":"(anonymous_9)","decl":{"start":{"line":10,"column":130},"end":{"line":10,"column":null}},"loc":{"start":{"line":10,"column":130},"end":{"line":29,"column":1}}}},"branchMap":{"0":{"loc":{"start":{"line":24,"column":11},"end":{"line":24,"column":69}},"type":"binary-expr","locations":[{"start":{"line":24,"column":11},"end":{"line":24,"column":48}},{"start":{"line":24,"column":52},"end":{"line":24,"column":69}}]},"1":{"loc":{"start":{"line":24,"column":11},"end":{"line":24,"column":48}},"type":"cond-expr","locations":[{"start":{"line":24,"column":39},"end":{"line":24,"column":41}},{"start":{"line":24,"column":39},"end":{"line":24,"column":48}}]},"2":{"loc":{"start":{"line":24,"column":11},"end":{"line":24,"column":41}},"type":"binary-expr","locations":[{"start":{"line":24,"column":11},"end":{"line":24,"column":41}},{"start":{"line":24,"column":39},"end":{"line":24,"column":41}}]},"3":{"loc":{"start":{"line":24,"column":11},"end":{"line":24,"column":39}},"type":"cond-expr","locations":[{"start":{"line":24,"column":30},"end":{"line":24,"column":32}},{"start":{"line":24,"column":30},"end":{"line":24,"column":39}}]},"4":{"loc":{"start":{"line":24,"column":11},"end":{"line":24,"column":32}},"type":"binary-expr","locations":[{"start":{"line":24,"column":11},"end":{"line":24,"column":32}},{"start":{"line":24,"column":30},"end":{"line":24,"column":32}}]}},"s":{"0":5,"1":5,"2":5,"3":5,"4":5,"5":0,"6":0,"7":0,"8":0,"9":0,"10":0,"11":0,"12":5},"f":{"0":0,"1":0},"b":{"0":[0,0],"1":[0,0],"2":[0,0],"3":[0,0],"4":[0,0]}}
}
