TN:
SF:src\server.ts
FN:61,(anonymous_1)
FNF:1
FNH:0
FNDA:0,(anonymous_1)
DA:1,5
DA:2,5
DA:3,5
DA:4,5
DA:5,5
DA:6,5
DA:7,5
DA:8,5
DA:9,5
DA:10,5
DA:11,5
DA:12,5
DA:13,5
DA:14,5
DA:15,5
DA:16,5
DA:17,5
DA:19,5
DA:20,5
DA:22,5
DA:24,5
DA:32,5
DA:33,5
DA:40,5
DA:41,5
DA:44,5
DA:47,5
DA:49,5
DA:50,5
DA:51,5
DA:52,5
DA:53,5
DA:54,5
DA:55,5
DA:56,5
DA:59,5
DA:60,0
DA:61,0
DA:64,5
LF:39
LH:37
BRDA:59,0,0,0
BRDA:60,1,0,0
BRDA:60,1,1,0
BRF:3
BRH:0
end_of_record
TN:
SF:src\swaggerOptions.ts
FNF:0
FNH:0
DA:1,5
DA:92,5
LF:2
LH:2
BRF:0
BRH:0
end_of_record
TN:
SF:src\swaggerSpec.ts
FNF:0
FNH:0
DA:1,5
DA:2,5
DA:4,5
DA:6,5
LF:4
LH:4
BRF:0
BRH:0
end_of_record
TN:
SF:src\config\db.ts
FN:6,(anonymous_8)
FN:6,(anonymous_9)
FNF:2
FNH:2
FNDA:5,(anonymous_8)
FNDA:5,(anonymous_9)
DA:1,5
DA:2,5
DA:4,5
DA:6,5
DA:7,5
DA:8,5
DA:9,5
DA:10,5
DA:12,0
DA:13,0
DA:15,0
DA:16,0
DA:20,5
LF:13
LH:9
BRDA:8,0,0,5
BRF:1
BRH:1
end_of_record
TN:
SF:src\config\passport.ts
FN:16,(anonymous_8)
FN:16,(anonymous_9)
FN:41,(anonymous_10)
FN:45,(anonymous_11)
FN:45,(anonymous_12)
FNF:5
FNH:0
FNDA:0,(anonymous_8)
FNDA:0,(anonymous_9)
FNDA:0,(anonymous_10)
FNDA:0,(anonymous_11)
FNDA:0,(anonymous_12)
DA:1,5
DA:2,5
DA:3,5
DA:4,5
DA:6,5
DA:8,5
DA:16,0
DA:17,0
DA:18,0
DA:20,0
DA:22,0
DA:25,0
DA:30,0
DA:33,0
DA:35,0
DA:41,5
DA:42,0
DA:45,5
DA:46,0
DA:47,0
DA:48,0
DA:50,0
LF:22
LH:8
BRDA:18,0,0,0
BRDA:18,0,1,0
BRDA:18,1,0,0
BRDA:18,1,1,0
BRDA:20,2,0,0
BRDA:22,3,0,0
BRDA:22,3,1,0
BRDA:22,3,2,0
BRDA:22,3,3,0
BRDA:27,4,0,0
BRDA:27,4,1,0
BRDA:27,5,0,0
BRDA:27,5,1,0
BRDA:28,6,0,0
BRDA:28,6,1,0
BRDA:28,7,0,0
BRDA:28,7,1,0
BRDA:48,8,0,0
BRDA:48,8,1,0
BRF:19
BRH:0
end_of_record
TN:
SF:src\controllers\authController.ts
FN:53,(anonymous_8)
FN:53,(anonymous_9)
FN:126,(anonymous_10)
FN:126,(anonymous_11)
FN:177,(anonymous_12)
FN:177,(anonymous_13)
FNF:6
FNH:6
FNDA:7,(anonymous_8)
FNDA:7,(anonymous_9)
FNDA:7,(anonymous_10)
FNDA:7,(anonymous_11)
FNDA:1,(anonymous_12)
FNDA:1,(anonymous_13)
DA:2,5
DA:3,5
DA:53,7
DA:54,7
DA:55,7
DA:57,7
DA:58,1
DA:59,1
DA:62,6
DA:63,6
DA:64,1
DA:65,1
DA:68,5
DA:69,5
DA:70,5
DA:72,5
DA:79,0
DA:126,7
DA:127,7
DA:128,7
DA:129,7
DA:131,7
DA:132,2
DA:133,2
DA:135,5
DA:137,5
DA:144,0
DA:177,5
DA:178,1
DA:179,1
DA:181,1
DA:182,0
DA:183,0
DA:186,1
DA:188,1
DA:189,0
DA:190,0
DA:193,1
DA:195,0
LF:39
LH:32
BRDA:57,0,0,1
BRDA:63,1,0,1
BRDA:131,2,0,2
BRDA:131,3,0,7
BRDA:131,3,1,6
BRDA:181,4,0,0
BRDA:188,5,0,0
BRF:7
BRH:5
end_of_record
TN:
SF:src\controllers\commentController.ts
FN:42,(anonymous_8)
FN:42,(anonymous_9)
FN:93,(anonymous_10)
FN:93,(anonymous_11)
FN:142,(anonymous_12)
FN:142,(anonymous_13)
FN:196,(anonymous_14)
FN:196,(anonymous_15)
FNF:8
FNH:0
FNDA:0,(anonymous_8)
FNDA:0,(anonymous_9)
FNDA:0,(anonymous_10)
FNDA:0,(anonymous_11)
FNDA:0,(anonymous_12)
FNDA:0,(anonymous_13)
FNDA:0,(anonymous_14)
FNDA:0,(anonymous_15)
DA:2,5
DA:3,5
DA:4,5
DA:42,5
DA:43,0
DA:44,0
DA:45,0
DA:46,0
DA:48,0
DA:49,0
DA:50,0
DA:51,0
DA:54,0
DA:59,0
DA:61,0
DA:62,0
DA:64,0
DA:93,5
DA:94,0
DA:95,0
DA:96,0
DA:99,0
DA:101,0
DA:142,5
DA:143,0
DA:144,0
DA:145,0
DA:146,0
DA:148,0
DA:149,0
DA:150,0
DA:151,0
DA:153,0
DA:154,0
DA:155,0
DA:157,0
DA:158,0
DA:159,0
DA:161,0
DA:196,5
DA:197,0
DA:198,0
DA:199,0
DA:201,0
DA:202,0
DA:203,0
DA:204,0
DA:206,0
DA:207,0
DA:208,0
DA:210,0
DA:211,0
DA:212,0
DA:214,0
LF:54
LH:7
BRDA:49,0,0,0
BRDA:149,1,0,0
BRDA:153,2,0,0
BRDA:202,3,0,0
BRDA:206,4,0,0
BRF:5
BRH:0
end_of_record
TN:
SF:src\controllers\eventController.ts
FN:13,(anonymous_8)
FN:13,(anonymous_9)
FN:65,(anonymous_10)
FN:65,(anonymous_11)
FN:146,(anonymous_12)
FN:146,(anonymous_13)
FN:207,(anonymous_14)
FN:207,(anonymous_15)
FN:249,(anonymous_16)
FN:249,(anonymous_17)
FN:290,(anonymous_18)
FN:290,(anonymous_19)
FN:300,(anonymous_20)
FN:353,(anonymous_21)
FN:353,(anonymous_22)
FN:363,(anonymous_23)
FN:403,(anonymous_24)
FN:403,(anonymous_25)
FN:414,(anonymous_26)
FN:417,(anonymous_27)
FN:474,(anonymous_28)
FN:474,(anonymous_29)
FN:535,(anonymous_30)
FN:535,(anonymous_31)
FN:578,(anonymous_32)
FN:578,(anonymous_33)
FNF:26
FNH:12
FNDA:2,(anonymous_8)
FNDA:2,(anonymous_9)
FNDA:2,(anonymous_10)
FNDA:2,(anonymous_11)
FNDA:2,(anonymous_12)
FNDA:2,(anonymous_13)
FNDA:3,(anonymous_14)
FNDA:3,(anonymous_15)
FNDA:0,(anonymous_16)
FNDA:0,(anonymous_17)
FNDA:2,(anonymous_18)
FNDA:2,(anonymous_19)
FNDA:0,(anonymous_20)
FNDA:0,(anonymous_21)
FNDA:0,(anonymous_22)
FNDA:0,(anonymous_23)
FNDA:2,(anonymous_24)
FNDA:2,(anonymous_25)
FNDA:0,(anonymous_26)
FNDA:0,(anonymous_27)
FNDA:0,(anonymous_28)
FNDA:0,(anonymous_29)
FNDA:0,(anonymous_30)
FNDA:0,(anonymous_31)
FNDA:0,(anonymous_32)
FNDA:0,(anonymous_33)
DA:2,5
DA:4,5
DA:5,5
DA:6,5
DA:7,5
DA:8,5
DA:9,5
DA:13,5
DA:14,2
DA:65,5
DA:66,2
DA:67,2
DA:68,2
DA:70,2
DA:71,0
DA:72,0
DA:75,2
DA:84,2
DA:86,2
DA:87,2
DA:89,2
DA:146,5
DA:147,2
DA:148,2
DA:149,2
DA:151,1
DA:152,1
DA:153,1
DA:156,0
DA:157,0
DA:158,0
DA:161,0
DA:162,0
DA:163,0
DA:164,0
DA:165,0
DA:166,0
DA:168,0
DA:169,0
DA:171,1
DA:207,5
DA:208,3
DA:209,3
DA:210,3
DA:212,1
DA:213,1
DA:214,1
DA:217,0
DA:218,0
DA:219,0
DA:223,0
DA:224,0
DA:225,0
DA:227,2
DA:249,5
DA:250,0
DA:251,0
DA:252,0
DA:254,0
DA:290,5
DA:291,2
DA:292,2
DA:293,2
DA:295,1
DA:296,1
DA:297,1
DA:300,0
DA:301,0
DA:302,0
DA:305,0
DA:306,0
DA:315,0
DA:317,1
DA:353,5
DA:354,0
DA:355,0
DA:356,0
DA:358,0
DA:359,0
DA:360,0
DA:363,0
DA:364,0
DA:365,0
DA:367,0
DA:403,5
DA:404,2
DA:405,2
DA:406,2
DA:408,1
DA:409,1
DA:410,1
DA:413,0
DA:414,0
DA:415,0
DA:417,0
DA:418,0
DA:421,0
DA:422,0
DA:424,1
DA:474,5
DA:475,0
DA:476,0
DA:477,0
DA:479,0
DA:480,0
DA:481,0
DA:484,0
DA:485,0
DA:486,0
DA:489,0
DA:490,0
DA:491,0
DA:494,0
DA:495,0
DA:496,0
DA:497,0
DA:501,0
DA:502,0
DA:504,0
DA:506,0
DA:535,5
DA:536,0
DA:537,0
DA:538,0
DA:539,0
DA:540,0
DA:542,0
DA:544,0
DA:578,5
DA:579,0
DA:580,0
DA:582,0
DA:583,0
DA:584,0
DA:587,0
DA:589,0
DA:591,0
LF:137
LH:56
BRDA:70,0,0,0
BRDA:151,1,0,1
BRDA:156,2,0,0
BRDA:162,3,0,0
BRDA:163,4,0,0
BRDA:164,5,0,0
BRDA:165,6,0,0
BRDA:166,7,0,0
BRDA:212,8,0,1
BRDA:217,9,0,0
BRDA:295,10,0,1
BRDA:300,11,0,0
BRDA:305,12,0,0
BRDA:358,13,0,0
BRDA:408,14,0,1
BRDA:414,15,0,0
BRDA:414,15,1,0
BRDA:479,16,0,0
BRDA:484,17,0,0
BRDA:489,18,0,0
BRDA:494,19,0,0
BRDA:496,20,0,0
BRDA:538,21,0,0
BRDA:582,22,0,0
BRF:24
BRH:4
end_of_record
TN:
SF:src\controllers\notificationController.ts
FN:26,(anonymous_8)
FN:26,(anonymous_9)
FN:62,(anonymous_10)
FN:62,(anonymous_11)
FNF:4
FNH:4
FNDA:1,(anonymous_8)
FNDA:1,(anonymous_9)
FNDA:1,(anonymous_10)
FNDA:1,(anonymous_11)
DA:2,5
DA:4,5
DA:26,5
DA:27,1
DA:28,1
DA:29,1
DA:34,1
DA:36,0
DA:62,5
DA:63,1
DA:64,1
DA:65,1
DA:67,1
DA:69,0
LF:14
LH:12
BRF:0
BRH:0
end_of_record
TN:
SF:src\controllers\userController.ts
FN:44,(anonymous_8)
FN:44,(anonymous_9)
FN:115,(anonymous_10)
FN:115,(anonymous_11)
FNF:4
FNH:4
FNDA:2,(anonymous_8)
FNDA:2,(anonymous_9)
FNDA:1,(anonymous_10)
FNDA:1,(anonymous_11)
DA:2,5
DA:4,5
DA:5,5
DA:44,5
DA:45,2
DA:46,2
DA:47,2
DA:49,2
DA:50,0
DA:51,0
DA:54,2
DA:55,1
DA:56,1
DA:60,1
DA:61,0
DA:62,0
DA:63,0
DA:67,1
DA:68,1
DA:70,1
DA:72,0
DA:115,5
DA:116,1
DA:117,1
DA:118,1
DA:120,1
DA:121,1
DA:122,0
DA:123,0
DA:126,1
DA:127,1
DA:129,1
DA:130,1
DA:132,0
LF:34
LH:25
BRDA:49,0,0,0
BRDA:54,1,0,1
BRDA:60,2,0,0
BRDA:62,3,0,0
BRDA:121,4,0,0
BRDA:126,5,0,1
BRDA:127,6,0,1
BRF:7
BRH:3
end_of_record
TN:
SF:src\middleware\auth.ts
FN:11,(anonymous_1)
FN:17,(anonymous_2)
FNF:2
FNH:2
FNDA:10,(anonymous_1)
FNDA:26,(anonymous_2)
DA:1,5
DA:3,5
DA:5,5
DA:11,5
DA:12,10
DA:17,5
DA:18,26
DA:20,26
DA:21,5
DA:22,5
DA:25,21
DA:26,21
DA:27,17
DA:28,17
DA:30,4
LF:15
LH:15
BRDA:18,0,0,5
BRDA:18,0,1,21
BRDA:18,1,0,26
BRDA:18,1,1,26
BRDA:20,2,0,5
BRF:5
BRH:5
end_of_record
TN:
SF:src\middleware\rateLimit.ts
FNF:0
FNH:0
DA:1,5
DA:3,5
LF:2
LH:2
BRF:0
BRH:0
end_of_record
TN:
SF:src\middleware\upload.ts
FN:6,(anonymous_1)
FN:9,(anonymous_2)
FN:14,(anonymous_3)
FNF:3
FNH:3
FNDA:1,(anonymous_1)
FNDA:1,(anonymous_2)
FNDA:1,(anonymous_3)
DA:1,5
DA:2,5
DA:5,5
DA:7,1
DA:10,1
DA:14,5
DA:15,1
DA:16,1
DA:17,1
DA:19,1
DA:20,1
DA:22,0
DA:26,5
DA:32,5
LF:14
LH:13
BRDA:19,0,0,1
BRDA:19,0,1,0
BRDA:19,1,0,1
BRDA:19,1,1,1
BRF:4
BRH:3
end_of_record
TN:
SF:src\middleware\validate.ts
FN:12,(anonymous_1)
FNF:1
FNH:1
FNDA:2,(anonymous_1)
DA:2,5
DA:4,5
DA:12,5
DA:13,2
DA:14,2
DA:15,0
DA:16,0
DA:18,2
LF:8
LH:6
BRDA:14,0,0,0
BRF:1
BRH:0
end_of_record
TN:
SF:src\models\Comment.ts
FNF:0
FNH:0
DA:1,5
DA:10,5
DA:17,5
LF:3
LH:3
BRF:0
BRH:0
end_of_record
TN:
SF:src\models\Event.ts
FNF:0
FNH:0
DA:1,5
DA:15,5
DA:27,5
LF:3
LH:3
BRF:0
BRH:0
end_of_record
TN:
SF:src\models\Notification.ts
FNF:0
FNH:0
DA:1,5
DA:12,5
DA:21,5
LF:3
LH:3
BRF:0
BRH:0
end_of_record
TN:
SF:src\models\User.ts
FN:21,(anonymous_17)
FN:29,(anonymous_19)
FNF:2
FNH:2
FNDA:7,(anonymous_17)
FNDA:6,(anonymous_19)
DA:1,5
DA:2,5
DA:13,5
DA:21,5
DA:22,7
DA:24,5
DA:25,5
DA:26,5
DA:29,5
DA:30,6
DA:31,6
DA:34,5
LF:12
LH:12
BRDA:22,0,0,2
BRDA:22,1,0,7
BRDA:22,1,1,5
BRDA:30,2,0,0
BRF:4
BRH:3
end_of_record
TN:
SF:src\routes\authRoutes.ts
FN:38,(anonymous_1)
FNF:1
FNH:0
FNDA:0,(anonymous_1)
DA:1,5
DA:2,5
DA:3,5
DA:4,5
DA:5,5
DA:7,5
DA:9,5
DA:10,5
DA:11,5
DA:23,5
DA:35,5
DA:39,0
DA:40,0
DA:42,0
DA:43,0
DA:44,0
DA:48,5
LF:17
LH:12
BRDA:39,0,0,0
BRF:1
BRH:0
end_of_record
TN:
SF:src\routes\commentRoutes.ts
FNF:0
FNH:0
DA:1,5
DA:2,5
DA:3,5
DA:5,5
DA:7,5
DA:9,5
DA:11,5
DA:13,5
DA:15,5
LF:9
LH:9
BRF:0
BRH:0
end_of_record
TN:
SF:src\routes\eventRoutes.ts
FNF:0
FNH:0
DA:1,5
DA:2,5
DA:3,5
DA:4,5
DA:5,5
DA:7,5
DA:9,5
DA:10,5
DA:11,5
DA:12,5
DA:13,5
DA:14,5
DA:15,5
DA:16,5
DA:17,5
DA:18,5
DA:20,5
LF:17
LH:17
BRF:0
BRH:0
end_of_record
TN:
SF:src\routes\notificationRoutes.ts
FNF:0
FNH:0
DA:1,5
DA:2,5
DA:3,5
DA:5,5
DA:7,5
DA:8,5
DA:10,5
LF:7
LH:7
BRF:0
BRH:0
end_of_record
TN:
SF:src\routes\userRoutes.ts
FNF:0
FNH:0
DA:1,5
DA:2,5
DA:3,5
DA:4,5
DA:6,5
DA:8,5
DA:10,5
DA:12,5
LF:8
LH:8
BRF:0
BRH:0
end_of_record
TN:
SF:src\services\openaiService.ts
FN:10,(anonymous_8)
FN:10,(anonymous_9)
FNF:2
FNH:0
FNDA:0,(anonymous_8)
FNDA:0,(anonymous_9)
DA:1,5
DA:2,5
DA:4,5
DA:6,5
DA:10,5
DA:11,0
DA:12,0
DA:19,0
DA:24,0
DA:26,0
DA:27,0
LF:11
LH:5
BRDA:24,0,0,0
BRDA:24,0,1,0
BRDA:24,1,0,0
BRDA:24,1,1,0
BRDA:24,2,0,0
BRDA:24,2,1,0
BRDA:24,3,0,0
BRDA:24,3,1,0
BRDA:24,4,0,0
BRDA:24,4,1,0
BRF:10
BRH:0
end_of_record
